This file contains any messages produced by compilers while
running configure, to aid debugging if configure makes a mistake.

It was created by transmission configure 2.77, which was
generated by GNU Autoconf 2.69.  Invocation command line was

  $ ./configure 

## --------- ##
## Platform. ##
## --------- ##

hostname = ReimuHakurei
uname -m = x86_64
uname -r = 3.2.0-4-amd64
uname -s = Linux
uname -v = #1 SMP Debian 3.2.60-1+deb7u3

/usr/bin/uname -p = unknown
/bin/uname -X     = unknown

/bin/arch              = unknown
/usr/bin/arch -k       = unknown
/usr/convex/getsysinfo = unknown
/usr/bin/hostinfo      = unknown
/bin/machine           = unknown
/usr/bin/oslevel       = unknown
/bin/universe          = unknown

PATH: /usr/local/sbin
PATH: /usr/local/bin
PATH: /usr/sbin
PATH: /usr/bin
PATH: /sbin
PATH: /bin


## ----------- ##
## Core tests. ##
## ----------- ##

configure:2567: checking whether make supports nested variables
configure:2584: result: yes
configure:2644: checking for a BSD-compatible install
configure:2712: result: /usr/bin/install -c
configure:2723: checking whether build environment is sane
configure:2773: result: yes
configure:2914: checking for a thread-safe mkdir -p
configure:2953: result: /bin/mkdir -p
configure:2966: checking for gawk
configure:2982: found /usr/bin/gawk
configure:2993: result: gawk
configure:3004: checking whether make sets $(MAKE)
configure:3026: result: yes
configure:3101: checking how to create a pax tar archive
configure:3114: tar --version
tar (GNU tar) 1.26
Copyright (C) 2011 Free Software Foundation, Inc.
License GPLv3+: GNU GPL version 3 or later <http://gnu.org/licenses/gpl.html>.
This is free software: you are free to change and redistribute it.
There is NO WARRANTY, to the extent permitted by law.

Written by John Gilmore and Jay Fenlason.
configure:3117: $? = 0
configure:3157: tardir=conftest.dir && eval tar --format=posix -chf - "$tardir" >conftest.tar
configure:3160: $? = 0
configure:3164: tar -xf - <conftest.tar
configure:3167: $? = 0
configure:3180: result: gnutar
configure:3216: checking build system type
configure:3230: result: x86_64-unknown-linux-gnu
configure:3250: checking host system type
configure:3263: result: x86_64-unknown-linux-gnu
configure:3304: checking how to print strings
configure:3331: result: printf
configure:3364: checking for style of include used by make
configure:3392: result: GNU
configure:3463: checking for gcc
configure:3479: found /usr/bin/gcc
configure:3490: result: gcc
configure:3719: checking for C compiler version
configure:3728: gcc --version >&5
gcc (Debian 4.7.2-5) 4.7.2
Copyright (C) 2012 Free Software Foundation, Inc.
This is free software; see the source for copying conditions.  There is NO
warranty; not even for MERCHANTABILITY or FITNESS FOR A PARTICULAR PURPOSE.

configure:3739: $? = 0
configure:3728: gcc -v >&5
Using built-in specs.
COLLECT_GCC=gcc
COLLECT_LTO_WRAPPER=/usr/lib/gcc/x86_64-linux-gnu/4.7/lto-wrapper
Target: x86_64-linux-gnu
Configured with: ../src/configure -v --with-pkgversion='Debian 4.7.2-5' --with-bugurl=file:///usr/share/doc/gcc-4.7/README.Bugs --enable-languages=c,c++,go,fortran,objc,obj-c++ --prefix=/usr --program-suffix=-4.7 --enable-shared --enable-linker-build-id --with-system-zlib --libexecdir=/usr/lib --without-included-gettext --enable-threads=posix --with-gxx-include-dir=/usr/include/c++/4.7 --libdir=/usr/lib --enable-nls --with-sysroot=/ --enable-clocale=gnu --enable-libstdcxx-debug --enable-libstdcxx-time=yes --enable-gnu-unique-object --enable-plugin --enable-objc-gc --with-arch-32=i586 --with-tune=generic --enable-checking=release --build=x86_64-linux-gnu --host=x86_64-linux-gnu --target=x86_64-linux-gnu
Thread model: posix
gcc version 4.7.2 (Debian 4.7.2-5) 
configure:3739: $? = 0
configure:3728: gcc -V >&5
gcc: error: unrecognized command line option '-V'
gcc: fatal error: no input files
compilation terminated.
configure:3739: $? = 4
configure:3728: gcc -qversion >&5
gcc: error: unrecognized command line option '-qversion'
gcc: fatal error: no input files
compilation terminated.
configure:3739: $? = 4
configure:3759: checking whether the C compiler works
configure:3781: gcc -Os -march=native   conftest.c  >&5
configure:3785: $? = 0
configure:3833: result: yes
configure:3836: checking for C compiler default output file name
configure:3838: result: a.out
configure:3844: checking for suffix of executables
configure:3851: gcc -o conftest -Os -march=native   conftest.c  >&5
configure:3855: $? = 0
configure:3877: result: 
configure:3899: checking whether we are cross compiling
configure:3907: gcc -o conftest -Os -march=native   conftest.c  >&5
configure:3911: $? = 0
configure:3918: ./conftest
configure:3922: $? = 0
configure:3937: result: no
configure:3942: checking for suffix of object files
configure:3964: gcc -c -Os -march=native  conftest.c >&5
configure:3968: $? = 0
configure:3989: result: o
configure:3993: checking whether we are using the GNU C compiler
configure:4012: gcc -c -Os -march=native  conftest.c >&5
configure:4012: $? = 0
configure:4021: result: yes
configure:4030: checking whether gcc accepts -g
configure:4050: gcc -c -g  conftest.c >&5
configure:4050: $? = 0
configure:4091: result: yes
configure:4108: checking for gcc option to accept ISO C89
configure:4171: gcc  -c -Os -march=native  conftest.c >&5
configure:4171: $? = 0
configure:4184: result: none needed
configure:4206: checking dependency style of gcc
configure:4317: result: gcc3
configure:4332: checking for a sed that does not truncate output
configure:4396: result: /bin/sed
configure:4414: checking for grep that handles long lines and -e
configure:4472: result: /bin/grep
configure:4477: checking for egrep
configure:4539: result: /bin/grep -E
configure:4544: checking for fgrep
configure:4606: result: /bin/grep -F
configure:4641: checking for ld used by gcc
configure:4708: result: /usr/bin/ld
configure:4715: checking if the linker (/usr/bin/ld) is GNU ld
configure:4730: result: yes
configure:4742: checking for BSD- or MS-compatible name lister (nm)
configure:4791: result: /usr/bin/nm -B
configure:4921: checking the name lister (/usr/bin/nm -B) interface
configure:4928: gcc -c -Os -march=native  conftest.c >&5
configure:4931: /usr/bin/nm -B "conftest.o"
configure:4934: output
0000000000000000 B some_variable
configure:4941: result: BSD nm
configure:4944: checking whether ln -s works
configure:4948: result: yes
configure:4956: checking the maximum length of command line arguments
configure:5087: result: 1572864
configure:5104: checking whether the shell understands some XSI constructs
configure:5114: result: yes
configure:5118: checking whether the shell understands "+="
configure:5124: result: yes
configure:5159: checking how to convert x86_64-unknown-linux-gnu file names to x86_64-unknown-linux-gnu format
configure:5199: result: func_convert_file_noop
configure:5206: checking how to convert x86_64-unknown-linux-gnu file names to toolchain format
configure:5226: result: func_convert_file_noop
configure:5233: checking for /usr/bin/ld option to reload object files
configure:5240: result: -r
configure:5314: checking for objdump
configure:5330: found /usr/bin/objdump
configure:5341: result: objdump
configure:5373: checking how to recognize dependent libraries
configure:5571: result: pass_all
configure:5656: checking for dlltool
configure:5686: result: no
configure:5716: checking how to associate runtime and link libraries
configure:5743: result: printf %s\n
configure:5804: checking for ar
configure:5820: found /usr/bin/ar
configure:5831: result: ar
configure:5868: checking for archiver @FILE support
configure:5885: gcc -c -Os -march=native  conftest.c >&5
configure:5885: $? = 0
configure:5888: ar cru libconftest.a @conftest.lst >&5
configure:5891: $? = 0
configure:5896: ar cru libconftest.a @conftest.lst >&5
ar: conftest.o: No such file or directory
configure:5899: $? = 1
configure:5911: result: @
configure:5969: checking for strip
configure:5985: found /usr/bin/strip
configure:5996: result: strip
configure:6068: checking for ranlib
configure:6084: found /usr/bin/ranlib
configure:6095: result: ranlib
configure:6197: checking command to parse /usr/bin/nm -B output from gcc object
configure:6317: gcc -c -Os -march=native  conftest.c >&5
configure:6320: $? = 0
configure:6324: /usr/bin/nm -B conftest.o \| sed -n -e 's/^.*[ ]\([ABCDGIRSTW][ABCDGIRSTW]*\)[ ][ ]*\([_A-Za-z][_A-Za-z0-9]*\)$/\1 \2 \2/p' | sed '/ __gnu_lto/d' \> conftest.nm
configure:6327: $? = 0
configure:6393: gcc -o conftest -Os -march=native   conftest.c conftstm.o >&5
configure:6396: $? = 0
configure:6434: result: ok
configure:6471: checking for sysroot
configure:6501: result: no
configure:6578: gcc -c -Os -march=native  conftest.c >&5
configure:6581: $? = 0
configure:6764: checking for mt
configure:6780: found /bin/mt
configure:6791: result: mt
configure:6814: checking if mt is a manifest tool
configure:6820: mt '-?'
configure:6828: result: no
configure:7470: checking how to run the C preprocessor
configure:7501: gcc -E  conftest.c
configure:7501: $? = 0
configure:7515: gcc -E  conftest.c
conftest.c:11:28: fatal error: ac_nonexistent.h: No such file or directory
compilation terminated.
configure:7515: $? = 1
configure: failed program was:
| /* confdefs.h */
| #define PACKAGE_NAME "transmission"
| #define PACKAGE_TARNAME "transmission"
| #define PACKAGE_VERSION "2.77"
| #define PACKAGE_STRING "transmission 2.77"
| #define PACKAGE_BUGREPORT "http://trac.transmissionbt.com/newticket"
| #define PACKAGE_URL ""
| #define PACKAGE "transmission"
| #define VERSION "2.77"
| /* end confdefs.h.  */
| #include <ac_nonexistent.h>
configure:7540: result: gcc -E
configure:7560: gcc -E  conftest.c
configure:7560: $? = 0
configure:7574: gcc -E  conftest.c
conftest.c:11:28: fatal error: ac_nonexistent.h: No such file or directory
compilation terminated.
configure:7574: $? = 1
configure: failed program was:
| /* confdefs.h */
| #define PACKAGE_NAME "transmission"
| #define PACKAGE_TARNAME "transmission"
| #define PACKAGE_VERSION "2.77"
| #define PACKAGE_STRING "transmission 2.77"
| #define PACKAGE_BUGREPORT "http://trac.transmissionbt.com/newticket"
| #define PACKAGE_URL ""
| #define PACKAGE "transmission"
| #define VERSION "2.77"
| /* end confdefs.h.  */
| #include <ac_nonexistent.h>
configure:7603: checking for ANSI C header files
configure:7623: gcc -c -Os -march=native  conftest.c >&5
configure:7623: $? = 0
configure:7696: gcc -o conftest -Os -march=native   conftest.c  >&5
configure:7696: $? = 0
configure:7696: ./conftest
configure:7696: $? = 0
configure:7707: result: yes
configure:7720: checking for sys/types.h
configure:7720: gcc -c -Os -march=native  conftest.c >&5
configure:7720: $? = 0
configure:7720: result: yes
configure:7720: checking for sys/stat.h
configure:7720: gcc -c -Os -march=native  conftest.c >&5
configure:7720: $? = 0
configure:7720: result: yes
configure:7720: checking for stdlib.h
configure:7720: gcc -c -Os -march=native  conftest.c >&5
configure:7720: $? = 0
configure:7720: result: yes
configure:7720: checking for string.h
configure:7720: gcc -c -Os -march=native  conftest.c >&5
configure:7720: $? = 0
configure:7720: result: yes
configure:7720: checking for memory.h
configure:7720: gcc -c -Os -march=native  conftest.c >&5
configure:7720: $? = 0
configure:7720: result: yes
configure:7720: checking for strings.h
configure:7720: gcc -c -Os -march=native  conftest.c >&5
configure:7720: $? = 0
configure:7720: result: yes
configure:7720: checking for inttypes.h
configure:7720: gcc -c -Os -march=native  conftest.c >&5
configure:7720: $? = 0
configure:7720: result: yes
configure:7720: checking for stdint.h
configure:7720: gcc -c -Os -march=native  conftest.c >&5
configure:7720: $? = 0
configure:7720: result: yes
configure:7720: checking for unistd.h
configure:7720: gcc -c -Os -march=native  conftest.c >&5
configure:7720: $? = 0
configure:7720: result: yes
configure:7734: checking for dlfcn.h
configure:7734: gcc -c -Os -march=native  conftest.c >&5
configure:7734: $? = 0
configure:7734: result: yes
configure:7940: checking for objdir
configure:7955: result: .libs
configure:8226: checking if gcc supports -fno-rtti -fno-exceptions
configure:8244: gcc -c -Os -march=native  -fno-rtti -fno-exceptions conftest.c >&5
cc1: warning: command line option '-fno-rtti' is valid for C++/ObjC++ but not for C [enabled by default]
configure:8248: $? = 0
configure:8261: result: no
configure:8588: checking for gcc option to produce PIC
configure:8595: result: -fPIC -DPIC
configure:8603: checking if gcc PIC flag -fPIC -DPIC works
configure:8621: gcc -c -Os -march=native  -fPIC -DPIC -DPIC conftest.c >&5
configure:8625: $? = 0
configure:8638: result: yes
configure:8667: checking if gcc static flag -static works
configure:8695: result: yes
configure:8710: checking if gcc supports -c -o file.o
configure:8731: gcc -c -Os -march=native  -o out/conftest2.o conftest.c >&5
configure:8735: $? = 0
configure:8757: result: yes
configure:8765: checking if gcc supports -c -o file.o
configure:8812: result: yes
configure:8845: checking whether the gcc linker (/usr/bin/ld -m elf_x86_64) supports shared libraries
configure:10002: result: yes
configure:10039: checking whether -lc should be explicitly linked in
configure:10047: gcc -c -Os -march=native  conftest.c >&5
configure:10050: $? = 0
configure:10065: gcc -shared  -fPIC -DPIC conftest.o  -v -Wl,-soname -Wl,conftest -o conftest 2\>\&1 \| /bin/grep  -lc  \>/dev/null 2\>\&1
configure:10068: $? = 0
configure:10082: result: no
configure:10242: checking dynamic linker characteristics
configure:10742: gcc -o conftest -Os -march=native   -Wl,-rpath -Wl,/foo conftest.c  >&5
configure:10742: $? = 0
configure:10976: result: GNU/Linux ld.so
configure:11083: checking how to hardcode library paths into programs
configure:11108: result: immediate
configure:11648: checking whether stripping libraries is possible
configure:11653: result: yes
configure:11688: checking if libtool supports shared libraries
configure:11690: result: yes
configure:11693: checking whether to build shared libraries
configure:11714: result: yes
configure:11717: checking whether to build static libraries
configure:11721: result: yes
configure:11862: checking for gcc
configure:11889: result: gcc
configure:12118: checking for C compiler version
configure:12127: gcc --version >&5
gcc (Debian 4.7.2-5) 4.7.2
Copyright (C) 2012 Free Software Foundation, Inc.
This is free software; see the source for copying conditions.  There is NO
warranty; not even for MERCHANTABILITY or FITNESS FOR A PARTICULAR PURPOSE.

configure:12138: $? = 0
configure:12127: gcc -v >&5
Using built-in specs.
COLLECT_GCC=gcc
COLLECT_LTO_WRAPPER=/usr/lib/gcc/x86_64-linux-gnu/4.7/lto-wrapper
Target: x86_64-linux-gnu
Configured with: ../src/configure -v --with-pkgversion='Debian 4.7.2-5' --with-bugurl=file:///usr/share/doc/gcc-4.7/README.Bugs --enable-languages=c,c++,go,fortran,objc,obj-c++ --prefix=/usr --program-suffix=-4.7 --enable-shared --enable-linker-build-id --with-system-zlib --libexecdir=/usr/lib --without-included-gettext --enable-threads=posix --with-gxx-include-dir=/usr/include/c++/4.7 --libdir=/usr/lib --enable-nls --with-sysroot=/ --enable-clocale=gnu --enable-libstdcxx-debug --enable-libstdcxx-time=yes --enable-gnu-unique-object --enable-plugin --enable-objc-gc --with-arch-32=i586 --with-tune=generic --enable-checking=release --build=x86_64-linux-gnu --host=x86_64-linux-gnu --target=x86_64-linux-gnu
Thread model: posix
gcc version 4.7.2 (Debian 4.7.2-5) 
configure:12138: $? = 0
configure:12127: gcc -V >&5
gcc: error: unrecognized command line option '-V'
gcc: fatal error: no input files
compilation terminated.
configure:12138: $? = 4
configure:12127: gcc -qversion >&5
gcc: error: unrecognized command line option '-qversion'
gcc: fatal error: no input files
compilation terminated.
configure:12138: $? = 4
configure:12142: checking whether we are using the GNU C compiler
configure:12170: result: yes
configure:12179: checking whether gcc accepts -g
configure:12240: result: yes
configure:12257: checking for gcc option to accept ISO C89
configure:12333: result: none needed
configure:12355: checking dependency style of gcc
configure:12466: result: gcc3
configure:12539: checking for g++
configure:12555: found /usr/bin/g++
configure:12566: result: g++
configure:12593: checking for C++ compiler version
configure:12602: g++ --version >&5
g++ (Debian 4.7.2-5) 4.7.2
Copyright (C) 2012 Free Software Foundation, Inc.
This is free software; see the source for copying conditions.  There is NO
warranty; not even for MERCHANTABILITY or FITNESS FOR A PARTICULAR PURPOSE.

configure:12613: $? = 0
configure:12602: g++ -v >&5
Using built-in specs.
COLLECT_GCC=g++
COLLECT_LTO_WRAPPER=/usr/lib/gcc/x86_64-linux-gnu/4.7/lto-wrapper
Target: x86_64-linux-gnu
Configured with: ../src/configure -v --with-pkgversion='Debian 4.7.2-5' --with-bugurl=file:///usr/share/doc/gcc-4.7/README.Bugs --enable-languages=c,c++,go,fortran,objc,obj-c++ --prefix=/usr --program-suffix=-4.7 --enable-shared --enable-linker-build-id --with-system-zlib --libexecdir=/usr/lib --without-included-gettext --enable-threads=posix --with-gxx-include-dir=/usr/include/c++/4.7 --libdir=/usr/lib --enable-nls --with-sysroot=/ --enable-clocale=gnu --enable-libstdcxx-debug --enable-libstdcxx-time=yes --enable-gnu-unique-object --enable-plugin --enable-objc-gc --with-arch-32=i586 --with-tune=generic --enable-checking=release --build=x86_64-linux-gnu --host=x86_64-linux-gnu --target=x86_64-linux-gnu
Thread model: posix
gcc version 4.7.2 (Debian 4.7.2-5) 
configure:12613: $? = 0
configure:12602: g++ -V >&5
g++: error: unrecognized command line option '-V'
g++: fatal error: no input files
compilation terminated.
configure:12613: $? = 4
configure:12602: g++ -qversion >&5
g++: error: unrecognized command line option '-qversion'
g++: fatal error: no input files
compilation terminated.
configure:12613: $? = 4
configure:12617: checking whether we are using the GNU C++ compiler
configure:12636: g++ -c   -DNDEBUG conftest.cpp >&5
configure:12636: $? = 0
configure:12645: result: yes
configure:12654: checking whether g++ accepts -g
configure:12674: g++ -c -g  -DNDEBUG conftest.cpp >&5
configure:12674: $? = 0
configure:12715: result: yes
configure:12740: checking dependency style of g++
configure:12851: result: gcc3
configure:12884: checking how to run the C++ preprocessor
configure:12911: g++ -E  -DNDEBUG conftest.cpp
configure:12911: $? = 0
configure:12925: g++ -E  -DNDEBUG conftest.cpp
conftest.cpp:23:28: fatal error: ac_nonexistent.h: No such file or directory
compilation terminated.
configure:12925: $? = 1
configure: failed program was:
| /* confdefs.h */
| #define PACKAGE_NAME "transmission"
| #define PACKAGE_TARNAME "transmission"
| #define PACKAGE_VERSION "2.77"
| #define PACKAGE_STRING "transmission 2.77"
| #define PACKAGE_BUGREPORT "http://trac.transmissionbt.com/newticket"
| #define PACKAGE_URL ""
| #define PACKAGE "transmission"
| #define VERSION "2.77"
| #define STDC_HEADERS 1
| #define HAVE_SYS_TYPES_H 1
| #define HAVE_SYS_STAT_H 1
| #define HAVE_STDLIB_H 1
| #define HAVE_STRING_H 1
| #define HAVE_MEMORY_H 1
| #define HAVE_STRINGS_H 1
| #define HAVE_INTTYPES_H 1
| #define HAVE_STDINT_H 1
| #define HAVE_UNISTD_H 1
| #define HAVE_DLFCN_H 1
| #define LT_OBJDIR ".libs/"
| /* end confdefs.h.  */
| #include <ac_nonexistent.h>
configure:12950: result: g++ -E
configure:12970: g++ -E  -DNDEBUG conftest.cpp
configure:12970: $? = 0
configure:12984: g++ -E  -DNDEBUG conftest.cpp
conftest.cpp:23:28: fatal error: ac_nonexistent.h: No such file or directory
compilation terminated.
configure:12984: $? = 1
configure: failed program was:
| /* confdefs.h */
| #define PACKAGE_NAME "transmission"
| #define PACKAGE_TARNAME "transmission"
| #define PACKAGE_VERSION "2.77"
| #define PACKAGE_STRING "transmission 2.77"
| #define PACKAGE_BUGREPORT "http://trac.transmissionbt.com/newticket"
| #define PACKAGE_URL ""
| #define PACKAGE "transmission"
| #define VERSION "2.77"
| #define STDC_HEADERS 1
| #define HAVE_SYS_TYPES_H 1
| #define HAVE_SYS_STAT_H 1
| #define HAVE_STDLIB_H 1
| #define HAVE_STRING_H 1
| #define HAVE_MEMORY_H 1
| #define HAVE_STRINGS_H 1
| #define HAVE_INTTYPES_H 1
| #define HAVE_STDINT_H 1
| #define HAVE_UNISTD_H 1
| #define HAVE_DLFCN_H 1
| #define LT_OBJDIR ".libs/"
| /* end confdefs.h.  */
| #include <ac_nonexistent.h>
configure:13153: checking for ld used by g++
configure:13220: result: /usr/bin/ld -m elf_x86_64
configure:13227: checking if the linker (/usr/bin/ld -m elf_x86_64) is GNU ld
configure:13242: result: yes
configure:13297: checking whether the g++ linker (/usr/bin/ld -m elf_x86_64) supports shared libraries
configure:14299: result: yes
configure:14335: g++ -c -g -O2  -DNDEBUG conftest.cpp >&5
configure:14338: $? = 0
configure:14858: checking for g++ option to produce PIC
configure:14865: result: -fPIC -DPIC
configure:14873: checking if g++ PIC flag -fPIC -DPIC works
configure:14891: g++ -c -g -O2  -DNDEBUG -fPIC -DPIC -DPIC conftest.cpp >&5
configure:14895: $? = 0
configure:14908: result: yes
configure:14931: checking if g++ static flag -static works
configure:14959: result: yes
configure:14971: checking if g++ supports -c -o file.o
configure:14992: g++ -c -g -O2  -DNDEBUG -o out/conftest2.o conftest.cpp >&5
configure:14996: $? = 0
configure:15018: result: yes
configure:15023: checking if g++ supports -c -o file.o
configure:15070: result: yes
configure:15100: checking whether the g++ linker (/usr/bin/ld -m elf_x86_64) supports shared libraries
configure:15139: result: yes
configure:15280: checking dynamic linker characteristics
configure:15948: result: GNU/Linux ld.so
configure:16001: checking how to hardcode library paths into programs
configure:16026: result: immediate
configure:16076: checking for g++
configure:16092: found /usr/bin/g++
configure:16104: result: yes
configure:16114: checking for inline
configure:16130: gcc -c -Os -march=native  -DNDEBUG conftest.c >&5
configure:16130: $? = 0
configure:16138: result: inline
configure:16160: checking gcc version
configure:16167: result: 4.7
configure:16177: checking for ANSI C header files
configure:16281: result: yes
configure:16289: checking whether time.h and sys/time.h may both be included
configure:16309: gcc -c -Os -march=native -std=gnu99 -ggdb3 -Wall -W -Wpointer-arith -Wformat-security -Wcast-align -Wundef -Wcast-align -Wstrict-prototypes -Wmissing-declarations -Wmissing-format-attribute -Wredundant-decls -Wnested-externs -Wunused-parameter -Wwrite-strings -Winline -Wfloat-equal -Wextra -Wdeclaration-after-statement -Winit-self -Wvariadic-macros  -DNDEBUG conftest.c >&5
conftest.c:29:1: warning: function declaration isn't a prototype [-Wstrict-prototypes]
configure:16309: $? = 0
configure:16316: result: yes
configure:16327: checking stdbool.h usability
configure:16327: gcc -c -Os -march=native -std=gnu99 -ggdb3 -Wall -W -Wpointer-arith -Wformat-security -Wcast-align -Wundef -Wcast-align -Wstrict-prototypes -Wmissing-declarations -Wmissing-format-attribute -Wredundant-decls -Wnested-externs -Wunused-parameter -Wwrite-strings -Winline -Wfloat-equal -Wextra -Wdeclaration-after-statement -Winit-self -Wvariadic-macros  -DNDEBUG conftest.c >&5
configure:16327: $? = 0
configure:16327: result: yes
configure:16327: checking stdbool.h presence
configure:16327: gcc -E  -DNDEBUG conftest.c
configure:16327: $? = 0
configure:16327: result: yes
configure:16327: checking for stdbool.h
configure:16327: result: yes
configure:16340: checking for iconv_open
configure:16340: gcc -o conftest -Os -march=native -std=gnu99 -ggdb3 -Wall -W -Wpointer-arith -Wformat-security -Wcast-align -Wundef -Wcast-align -Wstrict-prototypes -Wmissing-declarations -Wmissing-format-attribute -Wredundant-decls -Wnested-externs -Wunused-parameter -Wwrite-strings -Winline -Wfloat-equal -Wextra -Wdeclaration-after-statement -Winit-self -Wvariadic-macros  -DNDEBUG  conftest.c  >&5
conftest.c:49:1: warning: function declaration isn't a prototype [-Wstrict-prototypes]
conftest.c:58:1: warning: function declaration isn't a prototype [-Wstrict-prototypes]
configure:16340: $? = 0
configure:16340: result: yes
configure:16340: checking for pread
configure:16340: gcc -o conftest -Os -march=native -std=gnu99 -ggdb3 -Wall -W -Wpointer-arith -Wformat-security -Wcast-align -Wundef -Wcast-align -Wstrict-prototypes -Wmissing-declarations -Wmissing-format-attribute -Wredundant-decls -Wnested-externs -Wunused-parameter -Wwrite-strings -Winline -Wfloat-equal -Wextra -Wdeclaration-after-statement -Winit-self -Wvariadic-macros  -DNDEBUG  conftest.c  >&5
conftest.c:50:1: warning: function declaration isn't a prototype [-Wstrict-prototypes]
conftest.c:59:1: warning: function declaration isn't a prototype [-Wstrict-prototypes]
configure:16340: $? = 0
configure:16340: result: yes
configure:16340: checking for pwrite
configure:16340: gcc -o conftest -Os -march=native -std=gnu99 -ggdb3 -Wall -W -Wpointer-arith -Wformat-security -Wcast-align -Wundef -Wcast-align -Wstrict-prototypes -Wmissing-declarations -Wmissing-format-attribute -Wredundant-decls -Wnested-externs -Wunused-parameter -Wwrite-strings -Winline -Wfloat-equal -Wextra -Wdeclaration-after-statement -Winit-self -Wvariadic-macros  -DNDEBUG  conftest.c  >&5
conftest.c:51:1: warning: function declaration isn't a prototype [-Wstrict-prototypes]
conftest.c:60:1: warning: function declaration isn't a prototype [-Wstrict-prototypes]
configure:16340: $? = 0
configure:16340: result: yes
configure:16340: checking for lrintf
configure:16340: gcc -o conftest -Os -march=native -std=gnu99 -ggdb3 -Wall -W -Wpointer-arith -Wformat-security -Wcast-align -Wundef -Wcast-align -Wstrict-prototypes -Wmissing-declarations -Wmissing-format-attribute -Wredundant-decls -Wnested-externs -Wunused-parameter -Wwrite-strings -Winline -Wfloat-equal -Wextra -Wdeclaration-after-statement -Winit-self -Wvariadic-macros  -DNDEBUG  conftest.c  >&5
conftest.c:52:1: warning: function declaration isn't a prototype [-Wstrict-prototypes]
conftest.c:52:6: warning: conflicting types for built-in function 'lrintf' [enabled by default]
conftest.c:61:1: warning: function declaration isn't a prototype [-Wstrict-prototypes]
/tmp/ccrp0B9e.o: In function `main':
/home/ken/wibed/transmission-2.77/conftest.c:63: undefined reference to `lrintf'
collect2: error: ld returned 1 exit status
configure:16340: $? = 1
configure: failed program was:
| /* confdefs.h */
| #define PACKAGE_NAME "transmission"
| #define PACKAGE_TARNAME "transmission"
| #define PACKAGE_VERSION "2.77"
| #define PACKAGE_STRING "transmission 2.77"
| #define PACKAGE_BUGREPORT "http://trac.transmissionbt.com/newticket"
| #define PACKAGE_URL ""
| #define PACKAGE "transmission"
| #define VERSION "2.77"
| #define STDC_HEADERS 1
| #define HAVE_SYS_TYPES_H 1
| #define HAVE_SYS_STAT_H 1
| #define HAVE_STDLIB_H 1
| #define HAVE_STRING_H 1
| #define HAVE_MEMORY_H 1
| #define HAVE_STRINGS_H 1
| #define HAVE_INTTYPES_H 1
| #define HAVE_STDINT_H 1
| #define HAVE_UNISTD_H 1
| #define HAVE_DLFCN_H 1
| #define LT_OBJDIR ".libs/"
| #define STDC_HEADERS 1
| #define TIME_WITH_SYS_TIME 1
| #define HAVE_STDBOOL_H 1
| #define HAVE_ICONV_OPEN 1
| #define HAVE_PREAD 1
| #define HAVE_PWRITE 1
| /* end confdefs.h.  */
| /* Define lrintf to an innocuous variant, in case <limits.h> declares lrintf.
|    For example, HP-UX 11i <limits.h> declares gettimeofday.  */
| #define lrintf innocuous_lrintf
| 
| /* System header to define __stub macros and hopefully few prototypes,
|     which can conflict with char lrintf (); below.
|     Prefer <limits.h> to <assert.h> if __STDC__ is defined, since
|     <limits.h> exists even on freestanding compilers.  */
| 
| #ifdef __STDC__
| # include <limits.h>
| #else
| # include <assert.h>
| #endif
| 
| #undef lrintf
| 
| /* Override any GCC internal prototype to avoid an error.
|    Use char because int might match the return type of a GCC
|    builtin and then its argument prototype would still apply.  */
| #ifdef __cplusplus
| extern "C"
| #endif
| char lrintf ();
| /* The GNU C library defines this for functions which it implements
|     to always fail with ENOSYS.  Some functions are actually named
|     something starting with __ and the normal name is an alias.  */
| #if defined __stub_lrintf || defined __stub___lrintf
| choke me
| #endif
| 
| int
| main ()
| {
| return lrintf ();
|   ;
|   return 0;
| }
configure:16340: result: no
configure:16340: checking for strlcpy
configure:16340: gcc -o conftest -Os -march=native -std=gnu99 -ggdb3 -Wall -W -Wpointer-arith -Wformat-security -Wcast-align -Wundef -Wcast-align -Wstrict-prototypes -Wmissing-declarations -Wmissing-format-attribute -Wredundant-decls -Wnested-externs -Wunused-parameter -Wwrite-strings -Winline -Wfloat-equal -Wextra -Wdeclaration-after-statement -Winit-self -Wvariadic-macros  -DNDEBUG  conftest.c  >&5
conftest.c:52:1: warning: function declaration isn't a prototype [-Wstrict-prototypes]
conftest.c:61:1: warning: function declaration isn't a prototype [-Wstrict-prototypes]
/tmp/cc6LqEHs.o: In function `main':
/home/ken/wibed/transmission-2.77/conftest.c:63: undefined reference to `strlcpy'
collect2: error: ld returned 1 exit status
configure:16340: $? = 1
configure: failed program was:
| /* confdefs.h */
| #define PACKAGE_NAME "transmission"
| #define PACKAGE_TARNAME "transmission"
| #define PACKAGE_VERSION "2.77"
| #define PACKAGE_STRING "transmission 2.77"
| #define PACKAGE_BUGREPORT "http://trac.transmissionbt.com/newticket"
| #define PACKAGE_URL ""
| #define PACKAGE "transmission"
| #define VERSION "2.77"
| #define STDC_HEADERS 1
| #define HAVE_SYS_TYPES_H 1
| #define HAVE_SYS_STAT_H 1
| #define HAVE_STDLIB_H 1
| #define HAVE_STRING_H 1
| #define HAVE_MEMORY_H 1
| #define HAVE_STRINGS_H 1
| #define HAVE_INTTYPES_H 1
| #define HAVE_STDINT_H 1
| #define HAVE_UNISTD_H 1
| #define HAVE_DLFCN_H 1
| #define LT_OBJDIR ".libs/"
| #define STDC_HEADERS 1
| #define TIME_WITH_SYS_TIME 1
| #define HAVE_STDBOOL_H 1
| #define HAVE_ICONV_OPEN 1
| #define HAVE_PREAD 1
| #define HAVE_PWRITE 1
| /* end confdefs.h.  */
| /* Define strlcpy to an innocuous variant, in case <limits.h> declares strlcpy.
|    For example, HP-UX 11i <limits.h> declares gettimeofday.  */
| #define strlcpy innocuous_strlcpy
| 
| /* System header to define __stub macros and hopefully few prototypes,
|     which can conflict with char strlcpy (); below.
|     Prefer <limits.h> to <assert.h> if __STDC__ is defined, since
|     <limits.h> exists even on freestanding compilers.  */
| 
| #ifdef __STDC__
| # include <limits.h>
| #else
| # include <assert.h>
| #endif
| 
| #undef strlcpy
| 
| /* Override any GCC internal prototype to avoid an error.
|    Use char because int might match the return type of a GCC
|    builtin and then its argument prototype would still apply.  */
| #ifdef __cplusplus
| extern "C"
| #endif
| char strlcpy ();
| /* The GNU C library defines this for functions which it implements
|     to always fail with ENOSYS.  Some functions are actually named
|     something starting with __ and the normal name is an alias.  */
| #if defined __stub_strlcpy || defined __stub___strlcpy
| choke me
| #endif
| 
| int
| main ()
| {
| return strlcpy ();
|   ;
|   return 0;
| }
configure:16340: result: no
configure:16340: checking for daemon
configure:16340: gcc -o conftest -Os -march=native -std=gnu99 -ggdb3 -Wall -W -Wpointer-arith -Wformat-security -Wcast-align -Wundef -Wcast-align -Wstrict-prototypes -Wmissing-declarations -Wmissing-format-attribute -Wredundant-decls -Wnested-externs -Wunused-parameter -Wwrite-strings -Winline -Wfloat-equal -Wextra -Wdeclaration-after-statement -Winit-self -Wvariadic-macros  -DNDEBUG  conftest.c  >&5
conftest.c:52:1: warning: function declaration isn't a prototype [-Wstrict-prototypes]
conftest.c:61:1: warning: function declaration isn't a prototype [-Wstrict-prototypes]
configure:16340: $? = 0
configure:16340: result: yes
configure:16340: checking for dirname
configure:16340: gcc -o conftest -Os -march=native -std=gnu99 -ggdb3 -Wall -W -Wpointer-arith -Wformat-security -Wcast-align -Wundef -Wcast-align -Wstrict-prototypes -Wmissing-declarations -Wmissing-format-attribute -Wredundant-decls -Wnested-externs -Wunused-parameter -Wwrite-strings -Winline -Wfloat-equal -Wextra -Wdeclaration-after-statement -Winit-self -Wvariadic-macros  -DNDEBUG  conftest.c  >&5
conftest.c:53:1: warning: function declaration isn't a prototype [-Wstrict-prototypes]
conftest.c:62:1: warning: function declaration isn't a prototype [-Wstrict-prototypes]
configure:16340: $? = 0
configure:16340: result: yes
configure:16340: checking for basename
configure:16340: gcc -o conftest -Os -march=native -std=gnu99 -ggdb3 -Wall -W -Wpointer-arith -Wformat-security -Wcast-align -Wundef -Wcast-align -Wstrict-prototypes -Wmissing-declarations -Wmissing-format-attribute -Wredundant-decls -Wnested-externs -Wunused-parameter -Wwrite-strings -Winline -Wfloat-equal -Wextra -Wdeclaration-after-statement -Winit-self -Wvariadic-macros  -DNDEBUG  conftest.c  >&5
conftest.c:54:1: warning: function declaration isn't a prototype [-Wstrict-prototypes]
conftest.c:63:1: warning: function declaration isn't a prototype [-Wstrict-prototypes]
configure:16340: $? = 0
configure:16340: result: yes
configure:16340: checking for strcasecmp
configure:16340: gcc -o conftest -Os -march=native -std=gnu99 -ggdb3 -Wall -W -Wpointer-arith -Wformat-security -Wcast-align -Wundef -Wcast-align -Wstrict-prototypes -Wmissing-declarations -Wmissing-format-attribute -Wredundant-decls -Wnested-externs -Wunused-parameter -Wwrite-strings -Winline -Wfloat-equal -Wextra -Wdeclaration-after-statement -Winit-self -Wvariadic-macros  -DNDEBUG  conftest.c  >&5
conftest.c:55:1: warning: function declaration isn't a prototype [-Wstrict-prototypes]
conftest.c:55:6: warning: conflicting types for built-in function 'strcasecmp' [enabled by default]
conftest.c:64:1: warning: function declaration isn't a prototype [-Wstrict-prototypes]
configure:16340: $? = 0
configure:16340: result: yes
configure:16340: checking for localtime_r
configure:16340: gcc -o conftest -Os -march=native -std=gnu99 -ggdb3 -Wall -W -Wpointer-arith -Wformat-security -Wcast-align -Wundef -Wcast-align -Wstrict-prototypes -Wmissing-declarations -Wmissing-format-attribute -Wredundant-decls -Wnested-externs -Wunused-parameter -Wwrite-strings -Winline -Wfloat-equal -Wextra -Wdeclaration-after-statement -Winit-self -Wvariadic-macros  -DNDEBUG  conftest.c  >&5
conftest.c:56:1: warning: function declaration isn't a prototype [-Wstrict-prototypes]
conftest.c:65:1: warning: function declaration isn't a prototype [-Wstrict-prototypes]
configure:16340: $? = 0
configure:16340: result: yes
configure:16340: checking for fallocate64
configure:16340: gcc -o conftest -Os -march=native -std=gnu99 -ggdb3 -Wall -W -Wpointer-arith -Wformat-security -Wcast-align -Wundef -Wcast-align -Wstrict-prototypes -Wmissing-declarations -Wmissing-format-attribute -Wredundant-decls -Wnested-externs -Wunused-parameter -Wwrite-strings -Winline -Wfloat-equal -Wextra -Wdeclaration-after-statement -Winit-self -Wvariadic-macros  -DNDEBUG  conftest.c  >&5
conftest.c:57:1: warning: function declaration isn't a prototype [-Wstrict-prototypes]
conftest.c:66:1: warning: function declaration isn't a prototype [-Wstrict-prototypes]
configure:16340: $? = 0
configure:16340: result: yes
configure:16340: checking for posix_fallocate
configure:16340: gcc -o conftest -Os -march=native -std=gnu99 -ggdb3 -Wall -W -Wpointer-arith -Wformat-security -Wcast-align -Wundef -Wcast-align -Wstrict-prototypes -Wmissing-declarations -Wmissing-format-attribute -Wredundant-decls -Wnested-externs -Wunused-parameter -Wwrite-strings -Winline -Wfloat-equal -Wextra -Wdeclaration-after-statement -Winit-self -Wvariadic-macros  -DNDEBUG  conftest.c  >&5
conftest.c:58:1: warning: function declaration isn't a prototype [-Wstrict-prototypes]
conftest.c:67:1: warning: function declaration isn't a prototype [-Wstrict-prototypes]
configure:16340: $? = 0
configure:16340: result: yes
configure:16340: checking for memmem
configure:16340: gcc -o conftest -Os -march=native -std=gnu99 -ggdb3 -Wall -W -Wpointer-arith -Wformat-security -Wcast-align -Wundef -Wcast-align -Wstrict-prototypes -Wmissing-declarations -Wmissing-format-attribute -Wredundant-decls -Wnested-externs -Wunused-parameter -Wwrite-strings -Winline -Wfloat-equal -Wextra -Wdeclaration-after-statement -Winit-self -Wvariadic-macros  -DNDEBUG  conftest.c  >&5
conftest.c:59:1: warning: function declaration isn't a prototype [-Wstrict-prototypes]
conftest.c:68:1: warning: function declaration isn't a prototype [-Wstrict-prototypes]
configure:16340: $? = 0
configure:16340: result: yes
configure:16340: checking for strsep
configure:16340: gcc -o conftest -Os -march=native -std=gnu99 -ggdb3 -Wall -W -Wpointer-arith -Wformat-security -Wcast-align -Wundef -Wcast-align -Wstrict-prototypes -Wmissing-declarations -Wmissing-format-attribute -Wredundant-decls -Wnested-externs -Wunused-parameter -Wwrite-strings -Winline -Wfloat-equal -Wextra -Wdeclaration-after-statement -Winit-self -Wvariadic-macros  -DNDEBUG  conftest.c  >&5
conftest.c:60:1: warning: function declaration isn't a prototype [-Wstrict-prototypes]
conftest.c:69:1: warning: function declaration isn't a prototype [-Wstrict-prototypes]
configure:16340: $? = 0
configure:16340: result: yes
configure:16340: checking for strtold
configure:16340: gcc -o conftest -Os -march=native -std=gnu99 -ggdb3 -Wall -W -Wpointer-arith -Wformat-security -Wcast-align -Wundef -Wcast-align -Wstrict-prototypes -Wmissing-declarations -Wmissing-format-attribute -Wredundant-decls -Wnested-externs -Wunused-parameter -Wwrite-strings -Winline -Wfloat-equal -Wextra -Wdeclaration-after-statement -Winit-self -Wvariadic-macros  -DNDEBUG  conftest.c  >&5
conftest.c:61:1: warning: function declaration isn't a prototype [-Wstrict-prototypes]
conftest.c:70:1: warning: function declaration isn't a prototype [-Wstrict-prototypes]
configure:16340: $? = 0
configure:16340: result: yes
configure:16340: checking for syslog
configure:16340: gcc -o conftest -Os -march=native -std=gnu99 -ggdb3 -Wall -W -Wpointer-arith -Wformat-security -Wcast-align -Wundef -Wcast-align -Wstrict-prototypes -Wmissing-declarations -Wmissing-format-attribute -Wredundant-decls -Wnested-externs -Wunused-parameter -Wwrite-strings -Winline -Wfloat-equal -Wextra -Wdeclaration-after-statement -Winit-self -Wvariadic-macros  -DNDEBUG  conftest.c  >&5
conftest.c:62:1: warning: function declaration isn't a prototype [-Wstrict-prototypes]
conftest.c:71:1: warning: function declaration isn't a prototype [-Wstrict-prototypes]
configure:16340: $? = 0
configure:16340: result: yes
configure:16340: checking for valloc
configure:16340: gcc -o conftest -Os -march=native -std=gnu99 -ggdb3 -Wall -W -Wpointer-arith -Wformat-security -Wcast-align -Wundef -Wcast-align -Wstrict-prototypes -Wmissing-declarations -Wmissing-format-attribute -Wredundant-decls -Wnested-externs -Wunused-parameter -Wwrite-strings -Winline -Wfloat-equal -Wextra -Wdeclaration-after-statement -Winit-self -Wvariadic-macros  -DNDEBUG  conftest.c  >&5
conftest.c:63:1: warning: function declaration isn't a prototype [-Wstrict-prototypes]
conftest.c:72:1: warning: function declaration isn't a prototype [-Wstrict-prototypes]
configure:16340: $? = 0
configure:16340: result: yes
configure:16340: checking for getpagesize
configure:16340: gcc -o conftest -Os -march=native -std=gnu99 -ggdb3 -Wall -W -Wpointer-arith -Wformat-security -Wcast-align -Wundef -Wcast-align -Wstrict-prototypes -Wmissing-declarations -Wmissing-format-attribute -Wredundant-decls -Wnested-externs -Wunused-parameter -Wwrite-strings -Winline -Wfloat-equal -Wextra -Wdeclaration-after-statement -Winit-self -Wvariadic-macros  -DNDEBUG  conftest.c  >&5
conftest.c:64:1: warning: function declaration isn't a prototype [-Wstrict-prototypes]
conftest.c:73:1: warning: function declaration isn't a prototype [-Wstrict-prototypes]
configure:16340: $? = 0
configure:16340: result: yes
configure:16340: checking for posix_memalign
configure:16340: gcc -o conftest -Os -march=native -std=gnu99 -ggdb3 -Wall -W -Wpointer-arith -Wformat-security -Wcast-align -Wundef -Wcast-align -Wstrict-prototypes -Wmissing-declarations -Wmissing-format-attribute -Wredundant-decls -Wnested-externs -Wunused-parameter -Wwrite-strings -Winline -Wfloat-equal -Wextra -Wdeclaration-after-statement -Winit-self -Wvariadic-macros  -DNDEBUG  conftest.c  >&5
conftest.c:65:1: warning: function declaration isn't a prototype [-Wstrict-prototypes]
conftest.c:74:1: warning: function declaration isn't a prototype [-Wstrict-prototypes]
configure:16340: $? = 0
configure:16340: result: yes
configure:16340: checking for statvfs
configure:16340: gcc -o conftest -Os -march=native -std=gnu99 -ggdb3 -Wall -W -Wpointer-arith -Wformat-security -Wcast-align -Wundef -Wcast-align -Wstrict-prototypes -Wmissing-declarations -Wmissing-format-attribute -Wredundant-decls -Wnested-externs -Wunused-parameter -Wwrite-strings -Winline -Wfloat-equal -Wextra -Wdeclaration-after-statement -Winit-self -Wvariadic-macros  -DNDEBUG  conftest.c  >&5
conftest.c:66:1: warning: function declaration isn't a prototype [-Wstrict-prototypes]
conftest.c:75:1: warning: function declaration isn't a prototype [-Wstrict-prototypes]
configure:16340: $? = 0
configure:16340: result: yes
configure:16340: checking for htonll
configure:16340: gcc -o conftest -Os -march=native -std=gnu99 -ggdb3 -Wall -W -Wpointer-arith -Wformat-security -Wcast-align -Wundef -Wcast-align -Wstrict-prototypes -Wmissing-declarations -Wmissing-format-attribute -Wredundant-decls -Wnested-externs -Wunused-parameter -Wwrite-strings -Winline -Wfloat-equal -Wextra -Wdeclaration-after-statement -Winit-self -Wvariadic-macros  -DNDEBUG  conftest.c  >&5
conftest.c:67:1: warning: function declaration isn't a prototype [-Wstrict-prototypes]
conftest.c:76:1: warning: function declaration isn't a prototype [-Wstrict-prototypes]
/tmp/cc1ijcqh.o: In function `main':
/home/ken/wibed/transmission-2.77/conftest.c:78: undefined reference to `htonll'
collect2: error: ld returned 1 exit status
configure:16340: $? = 1
configure: failed program was:
| /* confdefs.h */
| #define PACKAGE_NAME "transmission"
| #define PACKAGE_TARNAME "transmission"
| #define PACKAGE_VERSION "2.77"
| #define PACKAGE_STRING "transmission 2.77"
| #define PACKAGE_BUGREPORT "http://trac.transmissionbt.com/newticket"
| #define PACKAGE_URL ""
| #define PACKAGE "transmission"
| #define VERSION "2.77"
| #define STDC_HEADERS 1
| #define HAVE_SYS_TYPES_H 1
| #define HAVE_SYS_STAT_H 1
| #define HAVE_STDLIB_H 1
| #define HAVE_STRING_H 1
| #define HAVE_MEMORY_H 1
| #define HAVE_STRINGS_H 1
| #define HAVE_INTTYPES_H 1
| #define HAVE_STDINT_H 1
| #define HAVE_UNISTD_H 1
| #define HAVE_DLFCN_H 1
| #define LT_OBJDIR ".libs/"
| #define STDC_HEADERS 1
| #define TIME_WITH_SYS_TIME 1
| #define HAVE_STDBOOL_H 1
| #define HAVE_ICONV_OPEN 1
| #define HAVE_PREAD 1
| #define HAVE_PWRITE 1
| #define HAVE_DAEMON 1
| #define HAVE_DIRNAME 1
| #define HAVE_BASENAME 1
| #define HAVE_STRCASECMP 1
| #define HAVE_LOCALTIME_R 1
| #define HAVE_FALLOCATE64 1
| #define HAVE_POSIX_FALLOCATE 1
| #define HAVE_MEMMEM 1
| #define HAVE_STRSEP 1
| #define HAVE_STRTOLD 1
| #define HAVE_SYSLOG 1
| #define HAVE_VALLOC 1
| #define HAVE_GETPAGESIZE 1
| #define HAVE_POSIX_MEMALIGN 1
| #define HAVE_STATVFS 1
| /* end confdefs.h.  */
| /* Define htonll to an innocuous variant, in case <limits.h> declares htonll.
|    For example, HP-UX 11i <limits.h> declares gettimeofday.  */
| #define htonll innocuous_htonll
| 
| /* System header to define __stub macros and hopefully few prototypes,
|     which can conflict with char htonll (); below.
|     Prefer <limits.h> to <assert.h> if __STDC__ is defined, since
|     <limits.h> exists even on freestanding compilers.  */
| 
| #ifdef __STDC__
| # include <limits.h>
| #else
| # include <assert.h>
| #endif
| 
| #undef htonll
| 
| /* Override any GCC internal prototype to avoid an error.
|    Use char because int might match the return type of a GCC
|    builtin and then its argument prototype would still apply.  */
| #ifdef __cplusplus
| extern "C"
| #endif
| char htonll ();
| /* The GNU C library defines this for functions which it implements
|     to always fail with ENOSYS.  Some functions are actually named
|     something starting with __ and the normal name is an alias.  */
| #if defined __stub_htonll || defined __stub___htonll
| choke me
| #endif
| 
| int
| main ()
| {
| return htonll ();
|   ;
|   return 0;
| }
configure:16340: result: no
configure:16340: checking for ntohll
configure:16340: gcc -o conftest -Os -march=native -std=gnu99 -ggdb3 -Wall -W -Wpointer-arith -Wformat-security -Wcast-align -Wundef -Wcast-align -Wstrict-prototypes -Wmissing-declarations -Wmissing-format-attribute -Wredundant-decls -Wnested-externs -Wunused-parameter -Wwrite-strings -Winline -Wfloat-equal -Wextra -Wdeclaration-after-statement -Winit-self -Wvariadic-macros  -DNDEBUG  conftest.c  >&5
conftest.c:67:1: warning: function declaration isn't a prototype [-Wstrict-prototypes]
conftest.c:76:1: warning: function declaration isn't a prototype [-Wstrict-prototypes]
/tmp/ccBTlyEn.o: In function `main':
/home/ken/wibed/transmission-2.77/conftest.c:78: undefined reference to `ntohll'
collect2: error: ld returned 1 exit status
configure:16340: $? = 1
configure: failed program was:
| /* confdefs.h */
| #define PACKAGE_NAME "transmission"
| #define PACKAGE_TARNAME "transmission"
| #define PACKAGE_VERSION "2.77"
| #define PACKAGE_STRING "transmission 2.77"
| #define PACKAGE_BUGREPORT "http://trac.transmissionbt.com/newticket"
| #define PACKAGE_URL ""
| #define PACKAGE "transmission"
| #define VERSION "2.77"
| #define STDC_HEADERS 1
| #define HAVE_SYS_TYPES_H 1
| #define HAVE_SYS_STAT_H 1
| #define HAVE_STDLIB_H 1
| #define HAVE_STRING_H 1
| #define HAVE_MEMORY_H 1
| #define HAVE_STRINGS_H 1
| #define HAVE_INTTYPES_H 1
| #define HAVE_STDINT_H 1
| #define HAVE_UNISTD_H 1
| #define HAVE_DLFCN_H 1
| #define LT_OBJDIR ".libs/"
| #define STDC_HEADERS 1
| #define TIME_WITH_SYS_TIME 1
| #define HAVE_STDBOOL_H 1
| #define HAVE_ICONV_OPEN 1
| #define HAVE_PREAD 1
| #define HAVE_PWRITE 1
| #define HAVE_DAEMON 1
| #define HAVE_DIRNAME 1
| #define HAVE_BASENAME 1
| #define HAVE_STRCASECMP 1
| #define HAVE_LOCALTIME_R 1
| #define HAVE_FALLOCATE64 1
| #define HAVE_POSIX_FALLOCATE 1
| #define HAVE_MEMMEM 1
| #define HAVE_STRSEP 1
| #define HAVE_STRTOLD 1
| #define HAVE_SYSLOG 1
| #define HAVE_VALLOC 1
| #define HAVE_GETPAGESIZE 1
| #define HAVE_POSIX_MEMALIGN 1
| #define HAVE_STATVFS 1
| /* end confdefs.h.  */
| /* Define ntohll to an innocuous variant, in case <limits.h> declares ntohll.
|    For example, HP-UX 11i <limits.h> declares gettimeofday.  */
| #define ntohll innocuous_ntohll
| 
| /* System header to define __stub macros and hopefully few prototypes,
|     which can conflict with char ntohll (); below.
|     Prefer <limits.h> to <assert.h> if __STDC__ is defined, since
|     <limits.h> exists even on freestanding compilers.  */
| 
| #ifdef __STDC__
| # include <limits.h>
| #else
| # include <assert.h>
| #endif
| 
| #undef ntohll
| 
| /* Override any GCC internal prototype to avoid an error.
|    Use char because int might match the return type of a GCC
|    builtin and then its argument prototype would still apply.  */
| #ifdef __cplusplus
| extern "C"
| #endif
| char ntohll ();
| /* The GNU C library defines this for functions which it implements
|     to always fail with ENOSYS.  Some functions are actually named
|     something starting with __ and the normal name is an alias.  */
| #if defined __stub_ntohll || defined __stub___ntohll
| choke me
| #endif
| 
| int
| main ()
| {
| return ntohll ();
|   ;
|   return 0;
| }
configure:16340: result: no
configure:16340: checking for mkdtemp
configure:16340: gcc -o conftest -Os -march=native -std=gnu99 -ggdb3 -Wall -W -Wpointer-arith -Wformat-security -Wcast-align -Wundef -Wcast-align -Wstrict-prototypes -Wmissing-declarations -Wmissing-format-attribute -Wredundant-decls -Wnested-externs -Wunused-parameter -Wwrite-strings -Winline -Wfloat-equal -Wextra -Wdeclaration-after-statement -Winit-self -Wvariadic-macros  -DNDEBUG  conftest.c  >&5
conftest.c:67:1: warning: function declaration isn't a prototype [-Wstrict-prototypes]
conftest.c:76:1: warning: function declaration isn't a prototype [-Wstrict-prototypes]
configure:16340: $? = 0
configure:16340: result: yes
configure:16350: checking whether make sets $(MAKE)
configure:16372: result: yes
configure:16546: checking for the pthreads library -lpthreads
configure:16579: gcc -o conftest -Os -march=native -std=gnu99 -ggdb3 -Wall -W -Wpointer-arith -Wformat-security -Wcast-align -Wundef -Wcast-align -Wstrict-prototypes -Wmissing-declarations -Wmissing-format-attribute -Wredundant-decls -Wnested-externs -Wunused-parameter -Wwrite-strings -Winline -Wfloat-equal -Wextra -Wdeclaration-after-statement -Winit-self -Wvariadic-macros   -DNDEBUG  conftest.c -lpthreads  >&5
conftest.c:47:1: warning: function declaration isn't a prototype [-Wstrict-prototypes]
conftest.c: In function 'main':
conftest.c:50:22: warning: null argument where non-null required (argument 1) [-Wnonnull]
conftest.c:51:22: warning: null argument where non-null required (argument 1) [-Wnonnull]
conftest.c:51:22: warning: null argument where non-null required (argument 3) [-Wnonnull]
conftest.c:49:27: warning: 'th' is used uninitialized in this function [-Wuninitialized]
/usr/bin/ld: cannot find -lpthreads
collect2: error: ld returned 1 exit status
configure:16579: $? = 1
configure: failed program was:
| /* confdefs.h */
| #define PACKAGE_NAME "transmission"
| #define PACKAGE_TARNAME "transmission"
| #define PACKAGE_VERSION "2.77"
| #define PACKAGE_STRING "transmission 2.77"
| #define PACKAGE_BUGREPORT "http://trac.transmissionbt.com/newticket"
| #define PACKAGE_URL ""
| #define PACKAGE "transmission"
| #define VERSION "2.77"
| #define STDC_HEADERS 1
| #define HAVE_SYS_TYPES_H 1
| #define HAVE_SYS_STAT_H 1
| #define HAVE_STDLIB_H 1
| #define HAVE_STRING_H 1
| #define HAVE_MEMORY_H 1
| #define HAVE_STRINGS_H 1
| #define HAVE_INTTYPES_H 1
| #define HAVE_STDINT_H 1
| #define HAVE_UNISTD_H 1
| #define HAVE_DLFCN_H 1
| #define LT_OBJDIR ".libs/"
| #define STDC_HEADERS 1
| #define TIME_WITH_SYS_TIME 1
| #define HAVE_STDBOOL_H 1
| #define HAVE_ICONV_OPEN 1
| #define HAVE_PREAD 1
| #define HAVE_PWRITE 1
| #define HAVE_DAEMON 1
| #define HAVE_DIRNAME 1
| #define HAVE_BASENAME 1
| #define HAVE_STRCASECMP 1
| #define HAVE_LOCALTIME_R 1
| #define HAVE_FALLOCATE64 1
| #define HAVE_POSIX_FALLOCATE 1
| #define HAVE_MEMMEM 1
| #define HAVE_STRSEP 1
| #define HAVE_STRTOLD 1
| #define HAVE_SYSLOG 1
| #define HAVE_VALLOC 1
| #define HAVE_GETPAGESIZE 1
| #define HAVE_POSIX_MEMALIGN 1
| #define HAVE_STATVFS 1
| #define HAVE_MKDTEMP 1
| /* end confdefs.h.  */
| #include <pthread.h>
| int
| main ()
| {
| pthread_t th; pthread_join(th, 0);
|                      pthread_attr_init(0); pthread_cleanup_push(0, 0);
|                      pthread_create(0,0,0,0); pthread_cleanup_pop(0);
|   ;
|   return 0;
| }
configure:16588: result: no
configure:16491: checking whether pthreads work without any flags
configure:16579: gcc -o conftest -Os -march=native -std=gnu99 -ggdb3 -Wall -W -Wpointer-arith -Wformat-security -Wcast-align -Wundef -Wcast-align -Wstrict-prototypes -Wmissing-declarations -Wmissing-format-attribute -Wredundant-decls -Wnested-externs -Wunused-parameter -Wwrite-strings -Winline -Wfloat-equal -Wextra -Wdeclaration-after-statement -Winit-self -Wvariadic-macros   -DNDEBUG  conftest.c   >&5
conftest.c:47:1: warning: function declaration isn't a prototype [-Wstrict-prototypes]
conftest.c: In function 'main':
conftest.c:50:22: warning: null argument where non-null required (argument 1) [-Wnonnull]
conftest.c:51:22: warning: null argument where non-null required (argument 1) [-Wnonnull]
conftest.c:51:22: warning: null argument where non-null required (argument 3) [-Wnonnull]
conftest.c:49:27: warning: 'th' is used uninitialized in this function [-Wuninitialized]
/tmp/ccrIevVB.o: In function `main':
/home/ken/wibed/transmission-2.77/conftest.c:49: undefined reference to `pthread_join'
/home/ken/wibed/transmission-2.77/conftest.c:50: undefined reference to `__pthread_register_cancel'
/home/ken/wibed/transmission-2.77/conftest.c:51: undefined reference to `pthread_create'
/home/ken/wibed/transmission-2.77/conftest.c:51: undefined reference to `__pthread_unregister_cancel'
collect2: error: ld returned 1 exit status
configure:16579: $? = 1
configure: failed program was:
| /* confdefs.h */
| #define PACKAGE_NAME "transmission"
| #define PACKAGE_TARNAME "transmission"
| #define PACKAGE_VERSION "2.77"
| #define PACKAGE_STRING "transmission 2.77"
| #define PACKAGE_BUGREPORT "http://trac.transmissionbt.com/newticket"
| #define PACKAGE_URL ""
| #define PACKAGE "transmission"
| #define VERSION "2.77"
| #define STDC_HEADERS 1
| #define HAVE_SYS_TYPES_H 1
| #define HAVE_SYS_STAT_H 1
| #define HAVE_STDLIB_H 1
| #define HAVE_STRING_H 1
| #define HAVE_MEMORY_H 1
| #define HAVE_STRINGS_H 1
| #define HAVE_INTTYPES_H 1
| #define HAVE_STDINT_H 1
| #define HAVE_UNISTD_H 1
| #define HAVE_DLFCN_H 1
| #define LT_OBJDIR ".libs/"
| #define STDC_HEADERS 1
| #define TIME_WITH_SYS_TIME 1
| #define HAVE_STDBOOL_H 1
| #define HAVE_ICONV_OPEN 1
| #define HAVE_PREAD 1
| #define HAVE_PWRITE 1
| #define HAVE_DAEMON 1
| #define HAVE_DIRNAME 1
| #define HAVE_BASENAME 1
| #define HAVE_STRCASECMP 1
| #define HAVE_LOCALTIME_R 1
| #define HAVE_FALLOCATE64 1
| #define HAVE_POSIX_FALLOCATE 1
| #define HAVE_MEMMEM 1
| #define HAVE_STRSEP 1
| #define HAVE_STRTOLD 1
| #define HAVE_SYSLOG 1
| #define HAVE_VALLOC 1
| #define HAVE_GETPAGESIZE 1
| #define HAVE_POSIX_MEMALIGN 1
| #define HAVE_STATVFS 1
| #define HAVE_MKDTEMP 1
| /* end confdefs.h.  */
| #include <pthread.h>
| int
| main ()
| {
| pthread_t th; pthread_join(th, 0);
|                      pthread_attr_init(0); pthread_cleanup_push(0, 0);
|                      pthread_create(0,0,0,0); pthread_cleanup_pop(0);
|   ;
|   return 0;
| }
configure:16588: result: no
configure:16496: checking whether pthreads work with -Kthread
configure:16579: gcc -o conftest -Os -march=native -std=gnu99 -ggdb3 -Wall -W -Wpointer-arith -Wformat-security -Wcast-align -Wundef -Wcast-align -Wstrict-prototypes -Wmissing-declarations -Wmissing-format-attribute -Wredundant-decls -Wnested-externs -Wunused-parameter -Wwrite-strings -Winline -Wfloat-equal -Wextra -Wdeclaration-after-statement -Winit-self -Wvariadic-macros -Kthread  -DNDEBUG  conftest.c   >&5
gcc: error: unrecognized command line option '-Kthread'
configure:16579: $? = 1
configure: failed program was:
| /* confdefs.h */
| #define PACKAGE_NAME "transmission"
| #define PACKAGE_TARNAME "transmission"
| #define PACKAGE_VERSION "2.77"
| #define PACKAGE_STRING "transmission 2.77"
| #define PACKAGE_BUGREPORT "http://trac.transmissionbt.com/newticket"
| #define PACKAGE_URL ""
| #define PACKAGE "transmission"
| #define VERSION "2.77"
| #define STDC_HEADERS 1
| #define HAVE_SYS_TYPES_H 1
| #define HAVE_SYS_STAT_H 1
| #define HAVE_STDLIB_H 1
| #define HAVE_STRING_H 1
| #define HAVE_MEMORY_H 1
| #define HAVE_STRINGS_H 1
| #define HAVE_INTTYPES_H 1
| #define HAVE_STDINT_H 1
| #define HAVE_UNISTD_H 1
| #define HAVE_DLFCN_H 1
| #define LT_OBJDIR ".libs/"
| #define STDC_HEADERS 1
| #define TIME_WITH_SYS_TIME 1
| #define HAVE_STDBOOL_H 1
| #define HAVE_ICONV_OPEN 1
| #define HAVE_PREAD 1
| #define HAVE_PWRITE 1
| #define HAVE_DAEMON 1
| #define HAVE_DIRNAME 1
| #define HAVE_BASENAME 1
| #define HAVE_STRCASECMP 1
| #define HAVE_LOCALTIME_R 1
| #define HAVE_FALLOCATE64 1
| #define HAVE_POSIX_FALLOCATE 1
| #define HAVE_MEMMEM 1
| #define HAVE_STRSEP 1
| #define HAVE_STRTOLD 1
| #define HAVE_SYSLOG 1
| #define HAVE_VALLOC 1
| #define HAVE_GETPAGESIZE 1
| #define HAVE_POSIX_MEMALIGN 1
| #define HAVE_STATVFS 1
| #define HAVE_MKDTEMP 1
| /* end confdefs.h.  */
| #include <pthread.h>
| int
| main ()
| {
| pthread_t th; pthread_join(th, 0);
|                      pthread_attr_init(0); pthread_cleanup_push(0, 0);
|                      pthread_create(0,0,0,0); pthread_cleanup_pop(0);
|   ;
|   return 0;
| }
configure:16588: result: no
configure:16496: checking whether pthreads work with -kthread
configure:16579: gcc -o conftest -Os -march=native -std=gnu99 -ggdb3 -Wall -W -Wpointer-arith -Wformat-security -Wcast-align -Wundef -Wcast-align -Wstrict-prototypes -Wmissing-declarations -Wmissing-format-attribute -Wredundant-decls -Wnested-externs -Wunused-parameter -Wwrite-strings -Winline -Wfloat-equal -Wextra -Wdeclaration-after-statement -Winit-self -Wvariadic-macros -kthread  -DNDEBUG  conftest.c   >&5
gcc: error: unrecognized command line option '-kthread'
configure:16579: $? = 1
configure: failed program was:
| /* confdefs.h */
| #define PACKAGE_NAME "transmission"
| #define PACKAGE_TARNAME "transmission"
| #define PACKAGE_VERSION "2.77"
| #define PACKAGE_STRING "transmission 2.77"
| #define PACKAGE_BUGREPORT "http://trac.transmissionbt.com/newticket"
| #define PACKAGE_URL ""
| #define PACKAGE "transmission"
| #define VERSION "2.77"
| #define STDC_HEADERS 1
| #define HAVE_SYS_TYPES_H 1
| #define HAVE_SYS_STAT_H 1
| #define HAVE_STDLIB_H 1
| #define HAVE_STRING_H 1
| #define HAVE_MEMORY_H 1
| #define HAVE_STRINGS_H 1
| #define HAVE_INTTYPES_H 1
| #define HAVE_STDINT_H 1
| #define HAVE_UNISTD_H 1
| #define HAVE_DLFCN_H 1
| #define LT_OBJDIR ".libs/"
| #define STDC_HEADERS 1
| #define TIME_WITH_SYS_TIME 1
| #define HAVE_STDBOOL_H 1
| #define HAVE_ICONV_OPEN 1
| #define HAVE_PREAD 1
| #define HAVE_PWRITE 1
| #define HAVE_DAEMON 1
| #define HAVE_DIRNAME 1
| #define HAVE_BASENAME 1
| #define HAVE_STRCASECMP 1
| #define HAVE_LOCALTIME_R 1
| #define HAVE_FALLOCATE64 1
| #define HAVE_POSIX_FALLOCATE 1
| #define HAVE_MEMMEM 1
| #define HAVE_STRSEP 1
| #define HAVE_STRTOLD 1
| #define HAVE_SYSLOG 1
| #define HAVE_VALLOC 1
| #define HAVE_GETPAGESIZE 1
| #define HAVE_POSIX_MEMALIGN 1
| #define HAVE_STATVFS 1
| #define HAVE_MKDTEMP 1
| /* end confdefs.h.  */
| #include <pthread.h>
| int
| main ()
| {
| pthread_t th; pthread_join(th, 0);
|                      pthread_attr_init(0); pthread_cleanup_push(0, 0);
|                      pthread_create(0,0,0,0); pthread_cleanup_pop(0);
|   ;
|   return 0;
| }
configure:16588: result: no
configure:16546: checking for the pthreads library -llthread
configure:16579: gcc -o conftest -Os -march=native -std=gnu99 -ggdb3 -Wall -W -Wpointer-arith -Wformat-security -Wcast-align -Wundef -Wcast-align -Wstrict-prototypes -Wmissing-declarations -Wmissing-format-attribute -Wredundant-decls -Wnested-externs -Wunused-parameter -Wwrite-strings -Winline -Wfloat-equal -Wextra -Wdeclaration-after-statement -Winit-self -Wvariadic-macros   -DNDEBUG  conftest.c -llthread  >&5
conftest.c:47:1: warning: function declaration isn't a prototype [-Wstrict-prototypes]
conftest.c: In function 'main':
conftest.c:50:22: warning: null argument where non-null required (argument 1) [-Wnonnull]
conftest.c:51:22: warning: null argument where non-null required (argument 1) [-Wnonnull]
conftest.c:51:22: warning: null argument where non-null required (argument 3) [-Wnonnull]
conftest.c:49:27: warning: 'th' is used uninitialized in this function [-Wuninitialized]
/usr/bin/ld: cannot find -llthread
collect2: error: ld returned 1 exit status
configure:16579: $? = 1
configure: failed program was:
| /* confdefs.h */
| #define PACKAGE_NAME "transmission"
| #define PACKAGE_TARNAME "transmission"
| #define PACKAGE_VERSION "2.77"
| #define PACKAGE_STRING "transmission 2.77"
| #define PACKAGE_BUGREPORT "http://trac.transmissionbt.com/newticket"
| #define PACKAGE_URL ""
| #define PACKAGE "transmission"
| #define VERSION "2.77"
| #define STDC_HEADERS 1
| #define HAVE_SYS_TYPES_H 1
| #define HAVE_SYS_STAT_H 1
| #define HAVE_STDLIB_H 1
| #define HAVE_STRING_H 1
| #define HAVE_MEMORY_H 1
| #define HAVE_STRINGS_H 1
| #define HAVE_INTTYPES_H 1
| #define HAVE_STDINT_H 1
| #define HAVE_UNISTD_H 1
| #define HAVE_DLFCN_H 1
| #define LT_OBJDIR ".libs/"
| #define STDC_HEADERS 1
| #define TIME_WITH_SYS_TIME 1
| #define HAVE_STDBOOL_H 1
| #define HAVE_ICONV_OPEN 1
| #define HAVE_PREAD 1
| #define HAVE_PWRITE 1
| #define HAVE_DAEMON 1
| #define HAVE_DIRNAME 1
| #define HAVE_BASENAME 1
| #define HAVE_STRCASECMP 1
| #define HAVE_LOCALTIME_R 1
| #define HAVE_FALLOCATE64 1
| #define HAVE_POSIX_FALLOCATE 1
| #define HAVE_MEMMEM 1
| #define HAVE_STRSEP 1
| #define HAVE_STRTOLD 1
| #define HAVE_SYSLOG 1
| #define HAVE_VALLOC 1
| #define HAVE_GETPAGESIZE 1
| #define HAVE_POSIX_MEMALIGN 1
| #define HAVE_STATVFS 1
| #define HAVE_MKDTEMP 1
| /* end confdefs.h.  */
| #include <pthread.h>
| int
| main ()
| {
| pthread_t th; pthread_join(th, 0);
|                      pthread_attr_init(0); pthread_cleanup_push(0, 0);
|                      pthread_create(0,0,0,0); pthread_cleanup_pop(0);
|   ;
|   return 0;
| }
configure:16588: result: no
configure:16496: checking whether pthreads work with -pthread
configure:16579: gcc -o conftest -Os -march=native -std=gnu99 -ggdb3 -Wall -W -Wpointer-arith -Wformat-security -Wcast-align -Wundef -Wcast-align -Wstrict-prototypes -Wmissing-declarations -Wmissing-format-attribute -Wredundant-decls -Wnested-externs -Wunused-parameter -Wwrite-strings -Winline -Wfloat-equal -Wextra -Wdeclaration-after-statement -Winit-self -Wvariadic-macros -pthread  -DNDEBUG  conftest.c   >&5
conftest.c:47:1: warning: function declaration isn't a prototype [-Wstrict-prototypes]
conftest.c: In function 'main':
conftest.c:50:22: warning: null argument where non-null required (argument 1) [-Wnonnull]
conftest.c:51:22: warning: null argument where non-null required (argument 1) [-Wnonnull]
conftest.c:51:22: warning: null argument where non-null required (argument 3) [-Wnonnull]
conftest.c:49:27: warning: 'th' is used uninitialized in this function [-Wuninitialized]
configure:16579: $? = 0
configure:16588: result: yes
configure:16607: checking for joinable pthread attribute
configure:16622: gcc -o conftest -Os -march=native -std=gnu99 -ggdb3 -Wall -W -Wpointer-arith -Wformat-security -Wcast-align -Wundef -Wcast-align -Wstrict-prototypes -Wmissing-declarations -Wmissing-format-attribute -Wredundant-decls -Wnested-externs -Wunused-parameter -Wwrite-strings -Winline -Wfloat-equal -Wextra -Wdeclaration-after-statement -Winit-self -Wvariadic-macros -pthread  -DNDEBUG  conftest.c   >&5
conftest.c:47:1: warning: function declaration isn't a prototype [-Wstrict-prototypes]
configure:16622: $? = 0
configure:16628: result: PTHREAD_CREATE_JOINABLE
configure:16638: checking if more special flags are required for pthreads
configure:16645: result: no
configure:16732: checking for library containing cos
configure:16763: gcc -o conftest -Os -march=native -std=gnu99 -ggdb3 -Wall -W -Wpointer-arith -Wformat-security -Wcast-align -Wundef -Wcast-align -Wstrict-prototypes -Wmissing-declarations -Wmissing-format-attribute -Wredundant-decls -Wnested-externs -Wunused-parameter -Wwrite-strings -Winline -Wfloat-equal -Wextra -Wdeclaration-after-statement -Winit-self -Wvariadic-macros  -DNDEBUG  conftest.c  >&5
conftest.c:53:1: warning: function declaration isn't a prototype [-Wstrict-prototypes]
conftest.c:53:6: warning: conflicting types for built-in function 'cos' [enabled by default]
conftest.c:55:1: warning: function declaration isn't a prototype [-Wstrict-prototypes]
/tmp/ccs3f0bQ.o: In function `main':
/home/ken/wibed/transmission-2.77/conftest.c:57: undefined reference to `cos'
collect2: error: ld returned 1 exit status
configure:16763: $? = 1
configure: failed program was:
| /* confdefs.h */
| #define PACKAGE_NAME "transmission"
| #define PACKAGE_TARNAME "transmission"
| #define PACKAGE_VERSION "2.77"
| #define PACKAGE_STRING "transmission 2.77"
| #define PACKAGE_BUGREPORT "http://trac.transmissionbt.com/newticket"
| #define PACKAGE_URL ""
| #define PACKAGE "transmission"
| #define VERSION "2.77"
| #define STDC_HEADERS 1
| #define HAVE_SYS_TYPES_H 1
| #define HAVE_SYS_STAT_H 1
| #define HAVE_STDLIB_H 1
| #define HAVE_STRING_H 1
| #define HAVE_MEMORY_H 1
| #define HAVE_STRINGS_H 1
| #define HAVE_INTTYPES_H 1
| #define HAVE_STDINT_H 1
| #define HAVE_UNISTD_H 1
| #define HAVE_DLFCN_H 1
| #define LT_OBJDIR ".libs/"
| #define STDC_HEADERS 1
| #define TIME_WITH_SYS_TIME 1
| #define HAVE_STDBOOL_H 1
| #define HAVE_ICONV_OPEN 1
| #define HAVE_PREAD 1
| #define HAVE_PWRITE 1
| #define HAVE_DAEMON 1
| #define HAVE_DIRNAME 1
| #define HAVE_BASENAME 1
| #define HAVE_STRCASECMP 1
| #define HAVE_LOCALTIME_R 1
| #define HAVE_FALLOCATE64 1
| #define HAVE_POSIX_FALLOCATE 1
| #define HAVE_MEMMEM 1
| #define HAVE_STRSEP 1
| #define HAVE_STRTOLD 1
| #define HAVE_SYSLOG 1
| #define HAVE_VALLOC 1
| #define HAVE_GETPAGESIZE 1
| #define HAVE_POSIX_MEMALIGN 1
| #define HAVE_STATVFS 1
| #define HAVE_MKDTEMP 1
| #define HAVE_PTHREAD 1
| /* end confdefs.h.  */
| 
| /* Override any GCC internal prototype to avoid an error.
|    Use char because int might match the return type of a GCC
|    builtin and then its argument prototype would still apply.  */
| #ifdef __cplusplus
| extern "C"
| #endif
| char cos ();
| int
| main ()
| {
| return cos ();
|   ;
|   return 0;
| }
configure:16763: gcc -o conftest -Os -march=native -std=gnu99 -ggdb3 -Wall -W -Wpointer-arith -Wformat-security -Wcast-align -Wundef -Wcast-align -Wstrict-prototypes -Wmissing-declarations -Wmissing-format-attribute -Wredundant-decls -Wnested-externs -Wunused-parameter -Wwrite-strings -Winline -Wfloat-equal -Wextra -Wdeclaration-after-statement -Winit-self -Wvariadic-macros  -DNDEBUG  conftest.c -lm   >&5
conftest.c:53:1: warning: function declaration isn't a prototype [-Wstrict-prototypes]
conftest.c:53:6: warning: conflicting types for built-in function 'cos' [enabled by default]
conftest.c:55:1: warning: function declaration isn't a prototype [-Wstrict-prototypes]
configure:16763: $? = 0
configure:16780: result: -lm
configure:16788: checking for library containing socket
configure:16819: gcc -o conftest -Os -march=native -std=gnu99 -ggdb3 -Wall -W -Wpointer-arith -Wformat-security -Wcast-align -Wundef -Wcast-align -Wstrict-prototypes -Wmissing-declarations -Wmissing-format-attribute -Wredundant-decls -Wnested-externs -Wunused-parameter -Wwrite-strings -Winline -Wfloat-equal -Wextra -Wdeclaration-after-statement -Winit-self -Wvariadic-macros  -DNDEBUG  conftest.c -lm  >&5
conftest.c:53:1: warning: function declaration isn't a prototype [-Wstrict-prototypes]
conftest.c:55:1: warning: function declaration isn't a prototype [-Wstrict-prototypes]
configure:16819: $? = 0
configure:16836: result: none required
configure:16844: checking for library containing gethostbyname
configure:16875: gcc -o conftest -Os -march=native -std=gnu99 -ggdb3 -Wall -W -Wpointer-arith -Wformat-security -Wcast-align -Wundef -Wcast-align -Wstrict-prototypes -Wmissing-declarations -Wmissing-format-attribute -Wredundant-decls -Wnested-externs -Wunused-parameter -Wwrite-strings -Winline -Wfloat-equal -Wextra -Wdeclaration-after-statement -Winit-self -Wvariadic-macros  -DNDEBUG  conftest.c -lm  >&5
conftest.c:53:1: warning: function declaration isn't a prototype [-Wstrict-prototypes]
conftest.c:55:1: warning: function declaration isn't a prototype [-Wstrict-prototypes]
configure:16875: $? = 0
configure:16892: result: none required
configure:16949: checking for pkg-config
configure:16967: found /usr/bin/pkg-config
configure:16979: result: /usr/bin/pkg-config
configure:17004: checking pkg-config is at least version 0.9.0
configure:17007: result: yes
configure:17018: checking for OPENSSL
configure:17026: $PKG_CONFIG --exists --print-errors "openssl >= $OPENSSL_MINIMUM"
configure:17029: $? = 0
configure:17044: $PKG_CONFIG --exists --print-errors "openssl >= $OPENSSL_MINIMUM"
configure:17047: $? = 0
configure:17131: result: yes
configure:17137: checking for LIBCURL
configure:17145: $PKG_CONFIG --exists --print-errors "libcurl >= $CURL_MINIMUM"
configure:17148: $? = 0
configure:17163: $PKG_CONFIG --exists --print-errors "libcurl >= $CURL_MINIMUM"
configure:17166: $? = 0
configure:17221: result: yes
configure:17227: checking for LIBEVENT
configure:17235: $PKG_CONFIG --exists --print-errors "libevent >= $LIBEVENT_MINIMUM"
configure:17238: $? = 0
configure:17253: $PKG_CONFIG --exists --print-errors "libevent >= $LIBEVENT_MINIMUM"
configure:17256: $? = 0
configure:17311: result: yes
configure:17351: checking for /tmp/dummy1_zlib.h
configure:17351: gcc -c -Os -march=native -std=gnu99 -ggdb3 -Wall -W -Wpointer-arith -Wformat-security -Wcast-align -Wundef -Wcast-align -Wstrict-prototypes -Wmissing-declarations -Wmissing-format-attribute -Wredundant-decls -Wnested-externs -Wunused-parameter -Wwrite-strings -Winline -Wfloat-equal -Wextra -Wdeclaration-after-statement -Winit-self -Wvariadic-macros   -DNDEBUG conftest.c >&5
configure:17351: $? = 0
configure:17351: result: yes
configure:17366: checking for library containing gzopen
configure:17397: gcc -o conftest -Os -march=native -std=gnu99 -ggdb3 -Wall -W -Wpointer-arith -Wformat-security -Wcast-align -Wundef -Wcast-align -Wstrict-prototypes -Wmissing-declarations -Wmissing-format-attribute -Wredundant-decls -Wnested-externs -Wunused-parameter -Wwrite-strings -Winline -Wfloat-equal -Wextra -Wdeclaration-after-statement -Winit-self -Wvariadic-macros   -DNDEBUG   conftest.c -lm  >&5
conftest.c:54:1: warning: function declaration isn't a prototype [-Wstrict-prototypes]
conftest.c:56:1: warning: function declaration isn't a prototype [-Wstrict-prototypes]
/tmp/ccCSGzkc.o: In function `main':
/home/ken/wibed/transmission-2.77/conftest.c:58: undefined reference to `gzopen'
collect2: error: ld returned 1 exit status
configure:17397: $? = 1
configure: failed program was:
| /* confdefs.h */
| #define PACKAGE_NAME "transmission"
| #define PACKAGE_TARNAME "transmission"
| #define PACKAGE_VERSION "2.77"
| #define PACKAGE_STRING "transmission 2.77"
| #define PACKAGE_BUGREPORT "http://trac.transmissionbt.com/newticket"
| #define PACKAGE_URL ""
| #define PACKAGE "transmission"
| #define VERSION "2.77"
| #define STDC_HEADERS 1
| #define HAVE_SYS_TYPES_H 1
| #define HAVE_SYS_STAT_H 1
| #define HAVE_STDLIB_H 1
| #define HAVE_STRING_H 1
| #define HAVE_MEMORY_H 1
| #define HAVE_STRINGS_H 1
| #define HAVE_INTTYPES_H 1
| #define HAVE_STDINT_H 1
| #define HAVE_UNISTD_H 1
| #define HAVE_DLFCN_H 1
| #define LT_OBJDIR ".libs/"
| #define STDC_HEADERS 1
| #define TIME_WITH_SYS_TIME 1
| #define HAVE_STDBOOL_H 1
| #define HAVE_ICONV_OPEN 1
| #define HAVE_PREAD 1
| #define HAVE_PWRITE 1
| #define HAVE_DAEMON 1
| #define HAVE_DIRNAME 1
| #define HAVE_BASENAME 1
| #define HAVE_STRCASECMP 1
| #define HAVE_LOCALTIME_R 1
| #define HAVE_FALLOCATE64 1
| #define HAVE_POSIX_FALLOCATE 1
| #define HAVE_MEMMEM 1
| #define HAVE_STRSEP 1
| #define HAVE_STRTOLD 1
| #define HAVE_SYSLOG 1
| #define HAVE_VALLOC 1
| #define HAVE_GETPAGESIZE 1
| #define HAVE_POSIX_MEMALIGN 1
| #define HAVE_STATVFS 1
| #define HAVE_MKDTEMP 1
| #define HAVE_PTHREAD 1
| #define HAVE__TMP_DUMMY1_ZLIB_H 1
| /* end confdefs.h.  */
| 
| /* Override any GCC internal prototype to avoid an error.
|    Use char because int might match the return type of a GCC
|    builtin and then its argument prototype would still apply.  */
| #ifdef __cplusplus
| extern "C"
| #endif
| char gzopen ();
| int
| main ()
| {
| return gzopen ();
|   ;
|   return 0;
| }
configure:17397: gcc -o conftest -Os -march=native -std=gnu99 -ggdb3 -Wall -W -Wpointer-arith -Wformat-security -Wcast-align -Wundef -Wcast-align -Wstrict-prototypes -Wmissing-declarations -Wmissing-format-attribute -Wredundant-decls -Wnested-externs -Wunused-parameter -Wwrite-strings -Winline -Wfloat-equal -Wextra -Wdeclaration-after-statement -Winit-self -Wvariadic-macros   -DNDEBUG   conftest.c -lz  -lm  >&5
conftest.c:54:1: warning: function declaration isn't a prototype [-Wstrict-prototypes]
conftest.c:56:1: warning: function declaration isn't a prototype [-Wstrict-prototypes]
configure:17397: $? = 0
configure:17414: result: -lz
configure:17551: checking for special C compiler options needed for large files
configure:17596: result: no
configure:17602: checking for _FILE_OFFSET_BITS value needed for large files
configure:17627: gcc -c -Os -march=native -std=gnu99 -ggdb3 -Wall -W -Wpointer-arith -Wformat-security -Wcast-align -Wundef -Wcast-align -Wstrict-prototypes -Wmissing-declarations -Wmissing-format-attribute -Wredundant-decls -Wnested-externs -Wunused-parameter -Wwrite-strings -Winline -Wfloat-equal -Wextra -Wdeclaration-after-statement -Winit-self -Wvariadic-macros  -DNDEBUG conftest.c >&5
conftest.c:58:1: warning: function declaration isn't a prototype [-Wstrict-prototypes]
configure:17627: $? = 0
configure:17659: result: no
configure:17746: checking for lseek64
configure:17746: gcc -o conftest -Os -march=native -std=gnu99 -ggdb3 -Wall -W -Wpointer-arith -Wformat-security -Wcast-align -Wundef -Wcast-align -Wstrict-prototypes -Wmissing-declarations -Wmissing-format-attribute -Wredundant-decls -Wnested-externs -Wunused-parameter -Wwrite-strings -Winline -Wfloat-equal -Wextra -Wdeclaration-after-statement -Winit-self -Wvariadic-macros  -DNDEBUG  conftest.c -lm  >&5
conftest.c:71:1: warning: function declaration isn't a prototype [-Wstrict-prototypes]
conftest.c:80:1: warning: function declaration isn't a prototype [-Wstrict-prototypes]
configure:17746: $? = 0
configure:17746: result: yes
configure:17758: checking whether posix_fadvise is declared
configure:17758: gcc -c -Os -march=native -std=gnu99 -ggdb3 -Wall -W -Wpointer-arith -Wformat-security -Wcast-align -Wundef -Wcast-align -Wstrict-prototypes -Wmissing-declarations -Wmissing-format-attribute -Wredundant-decls -Wnested-externs -Wunused-parameter -Wwrite-strings -Winline -Wfloat-equal -Wextra -Wdeclaration-after-statement -Winit-self -Wvariadic-macros  -DNDEBUG conftest.c >&5
conftest.c:54:1: warning: function declaration isn't a prototype [-Wstrict-prototypes]
configure:17758: $? = 0
configure:17758: result: yes
configure:17774: checking for posix_fadvise
configure:17774: gcc -o conftest -Os -march=native -std=gnu99 -ggdb3 -Wall -W -Wpointer-arith -Wformat-security -Wcast-align -Wundef -Wcast-align -Wstrict-prototypes -Wmissing-declarations -Wmissing-format-attribute -Wredundant-decls -Wnested-externs -Wunused-parameter -Wwrite-strings -Winline -Wfloat-equal -Wextra -Wdeclaration-after-statement -Winit-self -Wvariadic-macros  -DNDEBUG  conftest.c -lm  >&5
conftest.c:73:1: warning: function declaration isn't a prototype [-Wstrict-prototypes]
conftest.c:82:1: warning: function declaration isn't a prototype [-Wstrict-prototypes]
configure:17774: $? = 0
configure:17774: result: yes
configure:17786: checking sys/inotify.h usability
configure:17786: gcc -c -Os -march=native -std=gnu99 -ggdb3 -Wall -W -Wpointer-arith -Wformat-security -Wcast-align -Wundef -Wcast-align -Wstrict-prototypes -Wmissing-declarations -Wmissing-format-attribute -Wredundant-decls -Wnested-externs -Wunused-parameter -Wwrite-strings -Winline -Wfloat-equal -Wextra -Wdeclaration-after-statement -Winit-self -Wvariadic-macros  -DNDEBUG conftest.c >&5
configure:17786: $? = 0
configure:17786: result: yes
configure:17786: checking sys/inotify.h presence
configure:17786: gcc -E  -DNDEBUG conftest.c
configure:17786: $? = 0
configure:17786: result: yes
configure:17786: checking for sys/inotify.h
configure:17786: result: yes
configure:17788: checking for inotify_init
configure:17788: gcc -o conftest -Os -march=native -std=gnu99 -ggdb3 -Wall -W -Wpointer-arith -Wformat-security -Wcast-align -Wundef -Wcast-align -Wstrict-prototypes -Wmissing-declarations -Wmissing-format-attribute -Wredundant-decls -Wnested-externs -Wunused-parameter -Wwrite-strings -Winline -Wfloat-equal -Wextra -Wdeclaration-after-statement -Winit-self -Wvariadic-macros  -DNDEBUG  conftest.c -lm  >&5
conftest.c:74:1: warning: function declaration isn't a prototype [-Wstrict-prototypes]
conftest.c:83:1: warning: function declaration isn't a prototype [-Wstrict-prototypes]
configure:17788: $? = 0
configure:17788: result: yes
configure:17817: checking sys/event.h usability
configure:17817: gcc -c -Os -march=native -std=gnu99 -ggdb3 -Wall -W -Wpointer-arith -Wformat-security -Wcast-align -Wundef -Wcast-align -Wstrict-prototypes -Wmissing-declarations -Wmissing-format-attribute -Wredundant-decls -Wnested-externs -Wunused-parameter -Wwrite-strings -Winline -Wfloat-equal -Wextra -Wdeclaration-after-statement -Winit-self -Wvariadic-macros  -DNDEBUG conftest.c >&5
conftest.c:85:23: fatal error: sys/event.h: No such file or directory
compilation terminated.
configure:17817: $? = 1
configure: failed program was:
| /* confdefs.h */
| #define PACKAGE_NAME "transmission"
| #define PACKAGE_TARNAME "transmission"
| #define PACKAGE_VERSION "2.77"
| #define PACKAGE_STRING "transmission 2.77"
| #define PACKAGE_BUGREPORT "http://trac.transmissionbt.com/newticket"
| #define PACKAGE_URL ""
| #define PACKAGE "transmission"
| #define VERSION "2.77"
| #define STDC_HEADERS 1
| #define HAVE_SYS_TYPES_H 1
| #define HAVE_SYS_STAT_H 1
| #define HAVE_STDLIB_H 1
| #define HAVE_STRING_H 1
| #define HAVE_MEMORY_H 1
| #define HAVE_STRINGS_H 1
| #define HAVE_INTTYPES_H 1
| #define HAVE_STDINT_H 1
| #define HAVE_UNISTD_H 1
| #define HAVE_DLFCN_H 1
| #define LT_OBJDIR ".libs/"
| #define STDC_HEADERS 1
| #define TIME_WITH_SYS_TIME 1
| #define HAVE_STDBOOL_H 1
| #define HAVE_ICONV_OPEN 1
| #define HAVE_PREAD 1
| #define HAVE_PWRITE 1
| #define HAVE_DAEMON 1
| #define HAVE_DIRNAME 1
| #define HAVE_BASENAME 1
| #define HAVE_STRCASECMP 1
| #define HAVE_LOCALTIME_R 1
| #define HAVE_FALLOCATE64 1
| #define HAVE_POSIX_FALLOCATE 1
| #define HAVE_MEMMEM 1
| #define HAVE_STRSEP 1
| #define HAVE_STRTOLD 1
| #define HAVE_SYSLOG 1
| #define HAVE_VALLOC 1
| #define HAVE_GETPAGESIZE 1
| #define HAVE_POSIX_MEMALIGN 1
| #define HAVE_STATVFS 1
| #define HAVE_MKDTEMP 1
| #define HAVE_PTHREAD 1
| #define HAVE__TMP_DUMMY1_ZLIB_H 1
| #define HAVE_ZLIB 1
| #define HAVE_LSEEK64 1
| #define HAVE_DECL_POSIX_FADVISE 1
| #define HAVE_POSIX_FADVISE 1
| #define WITH_INOTIFY 1
| /* end confdefs.h.  */
| #include <stdio.h>
| #ifdef HAVE_SYS_TYPES_H
| # include <sys/types.h>
| #endif
| #ifdef HAVE_SYS_STAT_H
| # include <sys/stat.h>
| #endif
| #ifdef STDC_HEADERS
| # include <stdlib.h>
| # include <stddef.h>
| #else
| # ifdef HAVE_STDLIB_H
| #  include <stdlib.h>
| # endif
| #endif
| #ifdef HAVE_STRING_H
| # if !defined STDC_HEADERS && defined HAVE_MEMORY_H
| #  include <memory.h>
| # endif
| # include <string.h>
| #endif
| #ifdef HAVE_STRINGS_H
| # include <strings.h>
| #endif
| #ifdef HAVE_INTTYPES_H
| # include <inttypes.h>
| #endif
| #ifdef HAVE_STDINT_H
| # include <stdint.h>
| #endif
| #ifdef HAVE_UNISTD_H
| # include <unistd.h>
| #endif
| #include <sys/event.h>
configure:17817: result: no
configure:17817: checking sys/event.h presence
configure:17817: gcc -E  -DNDEBUG conftest.c
conftest.c:52:23: fatal error: sys/event.h: No such file or directory
compilation terminated.
configure:17817: $? = 1
configure: failed program was:
| /* confdefs.h */
| #define PACKAGE_NAME "transmission"
| #define PACKAGE_TARNAME "transmission"
| #define PACKAGE_VERSION "2.77"
| #define PACKAGE_STRING "transmission 2.77"
| #define PACKAGE_BUGREPORT "http://trac.transmissionbt.com/newticket"
| #define PACKAGE_URL ""
| #define PACKAGE "transmission"
| #define VERSION "2.77"
| #define STDC_HEADERS 1
| #define HAVE_SYS_TYPES_H 1
| #define HAVE_SYS_STAT_H 1
| #define HAVE_STDLIB_H 1
| #define HAVE_STRING_H 1
| #define HAVE_MEMORY_H 1
| #define HAVE_STRINGS_H 1
| #define HAVE_INTTYPES_H 1
| #define HAVE_STDINT_H 1
| #define HAVE_UNISTD_H 1
| #define HAVE_DLFCN_H 1
| #define LT_OBJDIR ".libs/"
| #define STDC_HEADERS 1
| #define TIME_WITH_SYS_TIME 1
| #define HAVE_STDBOOL_H 1
| #define HAVE_ICONV_OPEN 1
| #define HAVE_PREAD 1
| #define HAVE_PWRITE 1
| #define HAVE_DAEMON 1
| #define HAVE_DIRNAME 1
| #define HAVE_BASENAME 1
| #define HAVE_STRCASECMP 1
| #define HAVE_LOCALTIME_R 1
| #define HAVE_FALLOCATE64 1
| #define HAVE_POSIX_FALLOCATE 1
| #define HAVE_MEMMEM 1
| #define HAVE_STRSEP 1
| #define HAVE_STRTOLD 1
| #define HAVE_SYSLOG 1
| #define HAVE_VALLOC 1
| #define HAVE_GETPAGESIZE 1
| #define HAVE_POSIX_MEMALIGN 1
| #define HAVE_STATVFS 1
| #define HAVE_MKDTEMP 1
| #define HAVE_PTHREAD 1
| #define HAVE__TMP_DUMMY1_ZLIB_H 1
| #define HAVE_ZLIB 1
| #define HAVE_LSEEK64 1
| #define HAVE_DECL_POSIX_FADVISE 1
| #define HAVE_POSIX_FADVISE 1
| #define WITH_INOTIFY 1
| /* end confdefs.h.  */
| #include <sys/event.h>
configure:17817: result: no
configure:17817: checking for sys/event.h
configure:17817: result: no
configure:17852: checking sys/statvfs.h usability
configure:17852: gcc -c -Os -march=native -std=gnu99 -ggdb3 -Wall -W -Wpointer-arith -Wformat-security -Wcast-align -Wundef -Wcast-align -Wstrict-prototypes -Wmissing-declarations -Wmissing-format-attribute -Wredundant-decls -Wnested-externs -Wunused-parameter -Wwrite-strings -Winline -Wfloat-equal -Wextra -Wdeclaration-after-statement -Winit-self -Wvariadic-macros  -DNDEBUG conftest.c >&5
configure:17852: $? = 0
configure:17852: result: yes
configure:17852: checking sys/statvfs.h presence
configure:17852: gcc -E  -DNDEBUG conftest.c
configure:17852: $? = 0
configure:17852: result: yes
configure:17852: checking for sys/statvfs.h
configure:17852: result: yes
configure:17852: checking xfs/xfs.h usability
configure:17852: gcc -c -Os -march=native -std=gnu99 -ggdb3 -Wall -W -Wpointer-arith -Wformat-security -Wcast-align -Wundef -Wcast-align -Wstrict-prototypes -Wmissing-declarations -Wmissing-format-attribute -Wredundant-decls -Wnested-externs -Wunused-parameter -Wwrite-strings -Winline -Wfloat-equal -Wextra -Wdeclaration-after-statement -Winit-self -Wvariadic-macros  -DNDEBUG conftest.c >&5
conftest.c:86:21: fatal error: xfs/xfs.h: No such file or directory
compilation terminated.
configure:17852: $? = 1
configure: failed program was:
| /* confdefs.h */
| #define PACKAGE_NAME "transmission"
| #define PACKAGE_TARNAME "transmission"
| #define PACKAGE_VERSION "2.77"
| #define PACKAGE_STRING "transmission 2.77"
| #define PACKAGE_BUGREPORT "http://trac.transmissionbt.com/newticket"
| #define PACKAGE_URL ""
| #define PACKAGE "transmission"
| #define VERSION "2.77"
| #define STDC_HEADERS 1
| #define HAVE_SYS_TYPES_H 1
| #define HAVE_SYS_STAT_H 1
| #define HAVE_STDLIB_H 1
| #define HAVE_STRING_H 1
| #define HAVE_MEMORY_H 1
| #define HAVE_STRINGS_H 1
| #define HAVE_INTTYPES_H 1
| #define HAVE_STDINT_H 1
| #define HAVE_UNISTD_H 1
| #define HAVE_DLFCN_H 1
| #define LT_OBJDIR ".libs/"
| #define STDC_HEADERS 1
| #define TIME_WITH_SYS_TIME 1
| #define HAVE_STDBOOL_H 1
| #define HAVE_ICONV_OPEN 1
| #define HAVE_PREAD 1
| #define HAVE_PWRITE 1
| #define HAVE_DAEMON 1
| #define HAVE_DIRNAME 1
| #define HAVE_BASENAME 1
| #define HAVE_STRCASECMP 1
| #define HAVE_LOCALTIME_R 1
| #define HAVE_FALLOCATE64 1
| #define HAVE_POSIX_FALLOCATE 1
| #define HAVE_MEMMEM 1
| #define HAVE_STRSEP 1
| #define HAVE_STRTOLD 1
| #define HAVE_SYSLOG 1
| #define HAVE_VALLOC 1
| #define HAVE_GETPAGESIZE 1
| #define HAVE_POSIX_MEMALIGN 1
| #define HAVE_STATVFS 1
| #define HAVE_MKDTEMP 1
| #define HAVE_PTHREAD 1
| #define HAVE__TMP_DUMMY1_ZLIB_H 1
| #define HAVE_ZLIB 1
| #define HAVE_LSEEK64 1
| #define HAVE_DECL_POSIX_FADVISE 1
| #define HAVE_POSIX_FADVISE 1
| #define WITH_INOTIFY 1
| #define HAVE_SYS_STATVFS_H 1
| /* end confdefs.h.  */
| #include <stdio.h>
| #ifdef HAVE_SYS_TYPES_H
| # include <sys/types.h>
| #endif
| #ifdef HAVE_SYS_STAT_H
| # include <sys/stat.h>
| #endif
| #ifdef STDC_HEADERS
| # include <stdlib.h>
| # include <stddef.h>
| #else
| # ifdef HAVE_STDLIB_H
| #  include <stdlib.h>
| # endif
| #endif
| #ifdef HAVE_STRING_H
| # if !defined STDC_HEADERS && defined HAVE_MEMORY_H
| #  include <memory.h>
| # endif
| # include <string.h>
| #endif
| #ifdef HAVE_STRINGS_H
| # include <strings.h>
| #endif
| #ifdef HAVE_INTTYPES_H
| # include <inttypes.h>
| #endif
| #ifdef HAVE_STDINT_H
| # include <stdint.h>
| #endif
| #ifdef HAVE_UNISTD_H
| # include <unistd.h>
| #endif
| #include <xfs/xfs.h>
configure:17852: result: no
configure:17852: checking xfs/xfs.h presence
configure:17852: gcc -E  -DNDEBUG conftest.c
conftest.c:53:21: fatal error: xfs/xfs.h: No such file or directory
compilation terminated.
configure:17852: $? = 1
configure: failed program was:
| /* confdefs.h */
| #define PACKAGE_NAME "transmission"
| #define PACKAGE_TARNAME "transmission"
| #define PACKAGE_VERSION "2.77"
| #define PACKAGE_STRING "transmission 2.77"
| #define PACKAGE_BUGREPORT "http://trac.transmissionbt.com/newticket"
| #define PACKAGE_URL ""
| #define PACKAGE "transmission"
| #define VERSION "2.77"
| #define STDC_HEADERS 1
| #define HAVE_SYS_TYPES_H 1
| #define HAVE_SYS_STAT_H 1
| #define HAVE_STDLIB_H 1
| #define HAVE_STRING_H 1
| #define HAVE_MEMORY_H 1
| #define HAVE_STRINGS_H 1
| #define HAVE_INTTYPES_H 1
| #define HAVE_STDINT_H 1
| #define HAVE_UNISTD_H 1
| #define HAVE_DLFCN_H 1
| #define LT_OBJDIR ".libs/"
| #define STDC_HEADERS 1
| #define TIME_WITH_SYS_TIME 1
| #define HAVE_STDBOOL_H 1
| #define HAVE_ICONV_OPEN 1
| #define HAVE_PREAD 1
| #define HAVE_PWRITE 1
| #define HAVE_DAEMON 1
| #define HAVE_DIRNAME 1
| #define HAVE_BASENAME 1
| #define HAVE_STRCASECMP 1
| #define HAVE_LOCALTIME_R 1
| #define HAVE_FALLOCATE64 1
| #define HAVE_POSIX_FALLOCATE 1
| #define HAVE_MEMMEM 1
| #define HAVE_STRSEP 1
| #define HAVE_STRTOLD 1
| #define HAVE_SYSLOG 1
| #define HAVE_VALLOC 1
| #define HAVE_GETPAGESIZE 1
| #define HAVE_POSIX_MEMALIGN 1
| #define HAVE_STATVFS 1
| #define HAVE_MKDTEMP 1
| #define HAVE_PTHREAD 1
| #define HAVE__TMP_DUMMY1_ZLIB_H 1
| #define HAVE_ZLIB 1
| #define HAVE_LSEEK64 1
| #define HAVE_DECL_POSIX_FADVISE 1
| #define HAVE_POSIX_FADVISE 1
| #define WITH_INOTIFY 1
| #define HAVE_SYS_STATVFS_H 1
| /* end confdefs.h.  */
| #include <xfs/xfs.h>
configure:17852: result: no
configure:17852: checking for xfs/xfs.h
configure:17852: result: no
configure:17872: checking for clock_gettime in -lrt
configure:17897: gcc -o conftest -Os -march=native -std=gnu99 -ggdb3 -Wall -W -Wpointer-arith -Wformat-security -Wcast-align -Wundef -Wcast-align -Wstrict-prototypes -Wmissing-declarations -Wmissing-format-attribute -Wredundant-decls -Wnested-externs -Wunused-parameter -Wwrite-strings -Winline -Wfloat-equal -Wextra -Wdeclaration-after-statement -Winit-self -Wvariadic-macros  -DNDEBUG  conftest.c -lrt  -lm  >&5
conftest.c:60:1: warning: function declaration isn't a prototype [-Wstrict-prototypes]
conftest.c:62:1: warning: function declaration isn't a prototype [-Wstrict-prototypes]
configure:17897: $? = 0
configure:17906: result: yes
configure:17915: checking TP
configure:17957: result: yes
configure:17962: checking supported miniupnp library
configure:17995: gcc -o conftest -Os -march=native -std=gnu99 -ggdb3 -Wall -W -Wpointer-arith -Wformat-security -Wcast-align -Wundef -Wcast-align -Wstrict-prototypes -Wmissing-declarations -Wmissing-format-attribute -Wredundant-decls -Wnested-externs -Wunused-parameter -Wwrite-strings -Winline -Wfloat-equal -Wextra -Wdeclaration-after-statement -Winit-self -Wvariadic-macros  -DNDEBUG  conftest.c -lminiupnpc >&5
conftest.c:56:37: fatal error: miniupnpc/miniupnpc.h: No such file or directory
compilation terminated.
configure:17995: $? = 1
configure: failed program was:
| /* confdefs.h */
| #define PACKAGE_NAME "transmission"
| #define PACKAGE_TARNAME "transmission"
| #define PACKAGE_VERSION "2.77"
| #define PACKAGE_STRING "transmission 2.77"
| #define PACKAGE_BUGREPORT "http://trac.transmissionbt.com/newticket"
| #define PACKAGE_URL ""
| #define PACKAGE "transmission"
| #define VERSION "2.77"
| #define STDC_HEADERS 1
| #define HAVE_SYS_TYPES_H 1
| #define HAVE_SYS_STAT_H 1
| #define HAVE_STDLIB_H 1
| #define HAVE_STRING_H 1
| #define HAVE_MEMORY_H 1
| #define HAVE_STRINGS_H 1
| #define HAVE_INTTYPES_H 1
| #define HAVE_STDINT_H 1
| #define HAVE_UNISTD_H 1
| #define HAVE_DLFCN_H 1
| #define LT_OBJDIR ".libs/"
| #define STDC_HEADERS 1
| #define TIME_WITH_SYS_TIME 1
| #define HAVE_STDBOOL_H 1
| #define HAVE_ICONV_OPEN 1
| #define HAVE_PREAD 1
| #define HAVE_PWRITE 1
| #define HAVE_DAEMON 1
| #define HAVE_DIRNAME 1
| #define HAVE_BASENAME 1
| #define HAVE_STRCASECMP 1
| #define HAVE_LOCALTIME_R 1
| #define HAVE_FALLOCATE64 1
| #define HAVE_POSIX_FALLOCATE 1
| #define HAVE_MEMMEM 1
| #define HAVE_STRSEP 1
| #define HAVE_STRTOLD 1
| #define HAVE_SYSLOG 1
| #define HAVE_VALLOC 1
| #define HAVE_GETPAGESIZE 1
| #define HAVE_POSIX_MEMALIGN 1
| #define HAVE_STATVFS 1
| #define HAVE_MKDTEMP 1
| #define HAVE_PTHREAD 1
| #define HAVE__TMP_DUMMY1_ZLIB_H 1
| #define HAVE_ZLIB 1
| #define HAVE_LSEEK64 1
| #define HAVE_DECL_POSIX_FADVISE 1
| #define HAVE_POSIX_FADVISE 1
| #define WITH_INOTIFY 1
| #define HAVE_SYS_STATVFS_H 1
| #define WITH_UTP 1
| /* end confdefs.h.  */
| 
|     #include <stdlib.h>
|     #include <miniupnpc/miniupnpc.h>
|     #include <miniupnpc/upnpcommands.h>
| 
| int
| main ()
| {
| 
|     struct UPNPDev * devlist;
|     struct UPNPUrls    urls;
|     struct IGDdatas    data;
|     char lanaddr[16];
|     char portStr[8];
|     char intPort[8];
|     char intClient[16];
|     upnpDiscover( 2000, NULL, NULL, 0 );
|     UPNP_GetValidIGD( devlist, &urls, &data, lanaddr, sizeof( lanaddr ) );
|     UPNP_GetSpecificPortMappingEntry( urls.controlURL, data.first.servicetype,
|                         portStr, "TCP", intClient, intPort );
| 
|   ;
|   return 0;
| }
configure:18034: gcc -o conftest -Os -march=native -std=gnu99 -ggdb3 -Wall -W -Wpointer-arith -Wformat-security -Wcast-align -Wundef -Wcast-align -Wstrict-prototypes -Wmissing-declarations -Wmissing-format-attribute -Wredundant-decls -Wnested-externs -Wunused-parameter -Wwrite-strings -Winline -Wfloat-equal -Wextra -Wdeclaration-after-statement -Winit-self -Wvariadic-macros  -DNDEBUG  conftest.c -lminiupnpc >&5
conftest.c:57:37: fatal error: miniupnpc/miniupnpc.h: No such file or directory
compilation terminated.
configure:18034: $? = 1
configure: failed program was:
| /* confdefs.h */
| #define PACKAGE_NAME "transmission"
| #define PACKAGE_TARNAME "transmission"
| #define PACKAGE_VERSION "2.77"
| #define PACKAGE_STRING "transmission 2.77"
| #define PACKAGE_BUGREPORT "http://trac.transmissionbt.com/newticket"
| #define PACKAGE_URL ""
| #define PACKAGE "transmission"
| #define VERSION "2.77"
| #define STDC_HEADERS 1
| #define HAVE_SYS_TYPES_H 1
| #define HAVE_SYS_STAT_H 1
| #define HAVE_STDLIB_H 1
| #define HAVE_STRING_H 1
| #define HAVE_MEMORY_H 1
| #define HAVE_STRINGS_H 1
| #define HAVE_INTTYPES_H 1
| #define HAVE_STDINT_H 1
| #define HAVE_UNISTD_H 1
| #define HAVE_DLFCN_H 1
| #define LT_OBJDIR ".libs/"
| #define STDC_HEADERS 1
| #define TIME_WITH_SYS_TIME 1
| #define HAVE_STDBOOL_H 1
| #define HAVE_ICONV_OPEN 1
| #define HAVE_PREAD 1
| #define HAVE_PWRITE 1
| #define HAVE_DAEMON 1
| #define HAVE_DIRNAME 1
| #define HAVE_BASENAME 1
| #define HAVE_STRCASECMP 1
| #define HAVE_LOCALTIME_R 1
| #define HAVE_FALLOCATE64 1
| #define HAVE_POSIX_FALLOCATE 1
| #define HAVE_MEMMEM 1
| #define HAVE_STRSEP 1
| #define HAVE_STRTOLD 1
| #define HAVE_SYSLOG 1
| #define HAVE_VALLOC 1
| #define HAVE_GETPAGESIZE 1
| #define HAVE_POSIX_MEMALIGN 1
| #define HAVE_STATVFS 1
| #define HAVE_MKDTEMP 1
| #define HAVE_PTHREAD 1
| #define HAVE__TMP_DUMMY1_ZLIB_H 1
| #define HAVE_ZLIB 1
| #define HAVE_LSEEK64 1
| #define HAVE_DECL_POSIX_FADVISE 1
| #define HAVE_POSIX_FADVISE 1
| #define WITH_INOTIFY 1
| #define HAVE_SYS_STATVFS_H 1
| #define WITH_UTP 1
| /* end confdefs.h.  */
| 
|     #include <stdlib.h>
|     #include <errno.h>
|     #include <miniupnpc/miniupnpc.h>
|     #include <miniupnpc/upnpcommands.h>
| 
| int
| main ()
| {
| 
|     struct UPNPDev * devlist;
|     struct UPNPUrls    urls;
|     struct IGDdatas    data;
|     char lanaddr[16];
|     char portStr[8];
|     char intPort[8];
|     char intClient[16];
|     upnpDiscover( 2000, NULL, NULL, 0, 0, &errno );
|     UPNP_GetValidIGD( devlist, &urls, &data, lanaddr, sizeof( lanaddr ) );
|     UPNP_GetSpecificPortMappingEntry( urls.controlURL, data.first.servicetype,
|                         portStr, "TCP", intClient, intPort, NULL, NULL, NULL );
| 
|   ;
|   return 0;
| }
configure:18046: result: none
configure:18121: $PKG_CONFIG --exists --print-errors "gtk+-3.0 >= $GTK_MINIMUM
                  glib-2.0 >= $GLIB_MINIMUM
                  gio-2.0 >= $GIO_MINIMUM,
                  gmodule-2.0 >= $GLIB_MINIMUM
                  gthread-2.0 >= $GLIB_MINIMUM"
Package gtk+-3.0 was not found in the pkg-config search path.
Perhaps you should add the directory containing `gtk+-3.0.pc'
to the PKG_CONFIG_PATH environment variable
No package 'gtk+-3.0' found
Package glib-2.0 was not found in the pkg-config search path.
Perhaps you should add the directory containing `glib-2.0.pc'
to the PKG_CONFIG_PATH environment variable
No package 'glib-2.0' found
Package gio-2.0 was not found in the pkg-config search path.
Perhaps you should add the directory containing `gio-2.0.pc'
to the PKG_CONFIG_PATH environment variable
No package 'gio-2.0' found
Package gmodule-2.0 was not found in the pkg-config search path.
Perhaps you should add the directory containing `gmodule-2.0.pc'
to the PKG_CONFIG_PATH environment variable
No package 'gmodule-2.0' found
Package gthread-2.0 was not found in the pkg-config search path.
Perhaps you should add the directory containing `gthread-2.0.pc'
to the PKG_CONFIG_PATH environment variable
No package 'gthread-2.0' found
configure:18128: $? = 1
configure:18369: checking whether NLS is requested
configure:18378: result: yes
configure:18396: checking for intltool >= 0.35.0
configure:18398: result: 0.50.2 found
configure:18406: checking for intltool-update
configure:18424: found /usr/bin/intltool-update
configure:18436: result: /usr/bin/intltool-update
configure:18446: checking for intltool-merge
configure:18464: found /usr/bin/intltool-merge
configure:18476: result: /usr/bin/intltool-merge
configure:18486: checking for intltool-extract
configure:18504: found /usr/bin/intltool-extract
configure:18516: result: /usr/bin/intltool-extract
configure:18670: checking for xgettext
configure:18688: found /usr/bin/xgettext
configure:18700: result: /usr/bin/xgettext
configure:18710: checking for msgmerge
configure:18728: found /usr/bin/msgmerge
configure:18740: result: /usr/bin/msgmerge
configure:18750: checking for msgfmt
configure:18768: found /usr/bin/msgfmt
configure:18780: result: /usr/bin/msgfmt
configure:18790: checking for gmsgfmt
configure:18821: result: /usr/bin/msgfmt
configure:18841: checking for perl
configure:18859: found /usr/bin/perl
configure:18871: result: /usr/bin/perl
configure:18882: checking for perl >= 5.8.1
configure:18889: result: 5.14.2
configure:18921: gcc -o conftest -Os -march=native -std=gnu99 -ggdb3 -Wall -W -Wpointer-arith -Wformat-security -Wcast-align -Wundef -Wcast-align -Wstrict-prototypes -Wmissing-declarations -Wmissing-format-attribute -Wredundant-decls -Wnested-externs -Wunused-parameter -Wwrite-strings -Winline -Wfloat-equal -Wextra -Wdeclaration-after-statement -Winit-self -Wvariadic-macros  -DNDEBUG  conftest.c -lm  >&5
conftest.c:57:1: warning: function declaration isn't a prototype [-Wstrict-prototypes]
conftest.c: In function 'main':
conftest.c:59:1: warning: nested extern declaration of '_nl_msg_cat_cntr' [-Wnested-externs]
configure:18921: $? = 0
configure:18949: checking libintl.h usability
configure:18949: gcc -c -Os -march=native -std=gnu99 -ggdb3 -Wall -W -Wpointer-arith -Wformat-security -Wcast-align -Wundef -Wcast-align -Wstrict-prototypes -Wmissing-declarations -Wmissing-format-attribute -Wredundant-decls -Wnested-externs -Wunused-parameter -Wwrite-strings -Winline -Wfloat-equal -Wextra -Wdeclaration-after-statement -Winit-self -Wvariadic-macros  -DNDEBUG conftest.c >&5
configure:18949: $? = 0
configure:18949: result: yes
configure:18949: checking libintl.h presence
configure:18949: gcc -E  -DNDEBUG conftest.c
configure:18949: $? = 0
configure:18949: result: yes
configure:18949: checking for libintl.h
configure:18949: result: yes
configure:18969: checking locale.h usability
configure:18969: gcc -c -Os -march=native -std=gnu99 -ggdb3 -Wall -W -Wpointer-arith -Wformat-security -Wcast-align -Wundef -Wcast-align -Wstrict-prototypes -Wmissing-declarations -Wmissing-format-attribute -Wredundant-decls -Wnested-externs -Wunused-parameter -Wwrite-strings -Winline -Wfloat-equal -Wextra -Wdeclaration-after-statement -Winit-self -Wvariadic-macros  -DNDEBUG conftest.c >&5
configure:18969: $? = 0
configure:18969: result: yes
configure:18969: checking locale.h presence
configure:18969: gcc -E  -DNDEBUG conftest.c
configure:18969: $? = 0
configure:18969: result: yes
configure:18969: checking for locale.h
configure:18969: result: yes
configure:18980: checking for LC_MESSAGES
configure:18996: gcc -o conftest -Os -march=native -std=gnu99 -ggdb3 -Wall -W -Wpointer-arith -Wformat-security -Wcast-align -Wundef -Wcast-align -Wstrict-prototypes -Wmissing-declarations -Wmissing-format-attribute -Wredundant-decls -Wnested-externs -Wunused-parameter -Wwrite-strings -Winline -Wfloat-equal -Wextra -Wdeclaration-after-statement -Winit-self -Wvariadic-macros  -DNDEBUG  conftest.c -lm  >&5
conftest.c:60:1: warning: function declaration isn't a prototype [-Wstrict-prototypes]
configure:18996: $? = 0
configure:19004: result: yes
configure:19021: checking for libintl.h
configure:19021: result: yes
configure:19029: checking for ngettext in libc
configure:19047: gcc -o conftest -Os -march=native -std=gnu99 -ggdb3 -Wall -W -Wpointer-arith -Wformat-security -Wcast-align -Wundef -Wcast-align -Wstrict-prototypes -Wmissing-declarations -Wmissing-format-attribute -Wredundant-decls -Wnested-externs -Wunused-parameter -Wwrite-strings -Winline -Wfloat-equal -Wextra -Wdeclaration-after-statement -Winit-self -Wvariadic-macros  -DNDEBUG  conftest.c -lm  >&5
conftest.c:63:1: warning: function declaration isn't a prototype [-Wstrict-prototypes]
configure:19047: $? = 0
configure:19056: result: yes
configure:19060: checking for dgettext in libc
configure:19078: gcc -o conftest -Os -march=native -std=gnu99 -ggdb3 -Wall -W -Wpointer-arith -Wformat-security -Wcast-align -Wundef -Wcast-align -Wstrict-prototypes -Wmissing-declarations -Wmissing-format-attribute -Wredundant-decls -Wnested-externs -Wunused-parameter -Wwrite-strings -Winline -Wfloat-equal -Wextra -Wdeclaration-after-statement -Winit-self -Wvariadic-macros  -DNDEBUG  conftest.c -lm  >&5
conftest.c:63:1: warning: function declaration isn't a prototype [-Wstrict-prototypes]
configure:19078: $? = 0
configure:19087: result: yes
configure:19094: checking for bind_textdomain_codeset
configure:19094: gcc -o conftest -Os -march=native -std=gnu99 -ggdb3 -Wall -W -Wpointer-arith -Wformat-security -Wcast-align -Wundef -Wcast-align -Wstrict-prototypes -Wmissing-declarations -Wmissing-format-attribute -Wredundant-decls -Wnested-externs -Wunused-parameter -Wwrite-strings -Winline -Wfloat-equal -Wextra -Wdeclaration-after-statement -Winit-self -Wvariadic-macros  -DNDEBUG  conftest.c -lm  >&5
conftest.c:82:1: warning: function declaration isn't a prototype [-Wstrict-prototypes]
conftest.c:91:1: warning: function declaration isn't a prototype [-Wstrict-prototypes]
configure:19094: $? = 0
configure:19094: result: yes
configure:19370: checking for msgfmt
configure:19397: result: /usr/bin/msgfmt
configure:19408: checking for dcgettext
configure:19408: gcc -o conftest -Os -march=native -std=gnu99 -ggdb3 -Wall -W -Wpointer-arith -Wformat-security -Wcast-align -Wundef -Wcast-align -Wstrict-prototypes -Wmissing-declarations -Wmissing-format-attribute -Wredundant-decls -Wnested-externs -Wunused-parameter -Wwrite-strings -Winline -Wfloat-equal -Wextra -Wdeclaration-after-statement -Winit-self -Wvariadic-macros  -DNDEBUG  conftest.c -lm   >&5
conftest.c:84:1: warning: function declaration isn't a prototype [-Wstrict-prototypes]
conftest.c:84:6: warning: conflicting types for built-in function 'dcgettext' [enabled by default]
conftest.c:93:1: warning: function declaration isn't a prototype [-Wstrict-prototypes]
configure:19408: $? = 0
configure:19408: result: yes
configure:19419: checking for gmsgfmt
configure:19450: result: /usr/bin/msgfmt
configure:19460: checking for xgettext
configure:19487: result: /usr/bin/xgettext
configure:19506: gcc -o conftest -Os -march=native -std=gnu99 -ggdb3 -Wall -W -Wpointer-arith -Wformat-security -Wcast-align -Wundef -Wcast-align -Wstrict-prototypes -Wmissing-declarations -Wmissing-format-attribute -Wredundant-decls -Wnested-externs -Wunused-parameter -Wwrite-strings -Winline -Wfloat-equal -Wextra -Wdeclaration-after-statement -Winit-self -Wvariadic-macros  -DNDEBUG  conftest.c -lm   >&5
conftest.c:64:1: warning: function declaration isn't a prototype [-Wstrict-prototypes]
conftest.c: In function 'main':
conftest.c:66:1: warning: nested extern declaration of '_nl_msg_cat_cntr' [-Wnested-externs]
configure:19506: $? = 0
configure:20077: creating ./config.status

## ---------------------- ##
## Running config.status. ##
## ---------------------- ##

This file was extended by transmission config.status 2.77, which was
generated by GNU Autoconf 2.69.  Invocation command line was

  CONFIG_FILES    = 
  CONFIG_HEADERS  = 
  CONFIG_LINKS    = 
  CONFIG_COMMANDS = 
  $ ./config.status 

on ReimuHakurei

config.status:1227: creating Makefile
config.status:1227: creating transmission-gtk.spec
config.status:1227: creating cli/Makefile
config.status:1227: creating daemon/Makefile
config.status:1227: creating extras/Makefile
config.status:1227: creating libtransmission/Makefile
config.status:1227: creating utils/Makefile
config.status:1227: creating third-party/Makefile
config.status:1227: creating third-party/dht/Makefile
config.status:1227: creating third-party/libutp/Makefile
config.status:1227: creating third-party/libnatpmp/Makefile
config.status:1227: creating third-party/miniupnp/Makefile
config.status:1227: creating macosx/Makefile
config.status:1227: creating gtk/Makefile
config.status:1227: creating gtk/icons/Makefile
config.status:1227: creating qt/config.pri
config.status:1227: creating web/Makefile
config.status:1227: creating web/images/Makefile
config.status:1227: creating web/style/Makefile
config.status:1227: creating web/style/jqueryui/Makefile
config.status:1227: creating web/style/jqueryui/images/Makefile
config.status:1227: creating web/style/transmission/Makefile
config.status:1227: creating web/style/transmission/images/Makefile
config.status:1227: creating web/style/transmission/images/buttons/Makefile
config.status:1227: creating web/javascript/Makefile
config.status:1227: creating web/javascript/jquery/Makefile
config.status:1227: creating po/Makefile.in
config.status:1399: executing depfiles commands
config.status:1399: executing libtool commands
config.status:1399: executing default-1 commands
config.status:1399: executing po/stamp-it commands

## ---------------- ##
## Cache variables. ##
## ---------------- ##

ac_cv_build=x86_64-unknown-linux-gnu
ac_cv_c_compiler_gnu=yes
ac_cv_c_inline=inline
ac_cv_cxx_compiler_gnu=yes
ac_cv_env_CCC_set=
ac_cv_env_CCC_value=
ac_cv_env_CC_set=
ac_cv_env_CC_value=
ac_cv_env_CFLAGS_set=set
ac_cv_env_CFLAGS_value='-Os -march=native'
ac_cv_env_CPPFLAGS_set=
ac_cv_env_CPPFLAGS_value=
ac_cv_env_CPP_set=
ac_cv_env_CPP_value=
ac_cv_env_CXXCPP_set=
ac_cv_env_CXXCPP_value=
ac_cv_env_CXXFLAGS_set=
ac_cv_env_CXXFLAGS_value=
ac_cv_env_CXX_set=
ac_cv_env_CXX_value=
ac_cv_env_GTK_CFLAGS_set=
ac_cv_env_GTK_CFLAGS_value=
ac_cv_env_GTK_LIBS_set=
ac_cv_env_GTK_LIBS_value=
ac_cv_env_LDFLAGS_set=
ac_cv_env_LDFLAGS_value=
ac_cv_env_LIBAPPINDICATOR_CFLAGS_set=
ac_cv_env_LIBAPPINDICATOR_CFLAGS_value=
ac_cv_env_LIBAPPINDICATOR_LIBS_set=
ac_cv_env_LIBAPPINDICATOR_LIBS_value=
ac_cv_env_LIBCURL_CFLAGS_set=
ac_cv_env_LIBCURL_CFLAGS_value=
ac_cv_env_LIBCURL_LIBS_set=
ac_cv_env_LIBCURL_LIBS_value=
ac_cv_env_LIBEVENT_CFLAGS_set=
ac_cv_env_LIBEVENT_CFLAGS_value=
ac_cv_env_LIBEVENT_LIBS_set=
ac_cv_env_LIBEVENT_LIBS_value=
ac_cv_env_LIBS_set=
ac_cv_env_LIBS_value=
ac_cv_env_OPENSSL_CFLAGS_set=
ac_cv_env_OPENSSL_CFLAGS_value=
ac_cv_env_OPENSSL_LIBS_set=
ac_cv_env_OPENSSL_LIBS_value=
ac_cv_env_PKG_CONFIG_set=
ac_cv_env_PKG_CONFIG_value=
ac_cv_env_build_alias_set=
ac_cv_env_build_alias_value=
ac_cv_env_host_alias_set=
ac_cv_env_host_alias_value=
ac_cv_env_target_alias_set=
ac_cv_env_target_alias_value=
ac_cv_func_basename=yes
ac_cv_func_bind_textdomain_codeset=yes
ac_cv_func_daemon=yes
ac_cv_func_dcgettext=yes
ac_cv_func_dirname=yes
ac_cv_func_fallocate64=yes
ac_cv_func_getpagesize=yes
ac_cv_func_htonll=no
ac_cv_func_iconv_open=yes
ac_cv_func_inotify_init=yes
ac_cv_func_localtime_r=yes
ac_cv_func_lrintf=no
ac_cv_func_lseek64=yes
ac_cv_func_memmem=yes
ac_cv_func_mkdtemp=yes
ac_cv_func_ntohll=no
ac_cv_func_posix_fadvise=yes
ac_cv_func_posix_fallocate=yes
ac_cv_func_posix_memalign=yes
ac_cv_func_pread=yes
ac_cv_func_pwrite=yes
ac_cv_func_statvfs=yes
ac_cv_func_strcasecmp=yes
ac_cv_func_strlcpy=no
ac_cv_func_strsep=yes
ac_cv_func_strtold=yes
ac_cv_func_syslog=yes
ac_cv_func_valloc=yes
ac_cv_have_decl_posix_fadvise=yes
ac_cv_header__tmp_dummy1_zlib_h=yes
ac_cv_header_dlfcn_h=yes
ac_cv_header_inttypes_h=yes
ac_cv_header_libintl_h=yes
ac_cv_header_locale_h=yes
ac_cv_header_memory_h=yes
ac_cv_header_stdbool_h=yes
ac_cv_header_stdc=yes
ac_cv_header_stdint_h=yes
ac_cv_header_stdlib_h=yes
ac_cv_header_string_h=yes
ac_cv_header_strings_h=yes
ac_cv_header_sys_event_h=no
ac_cv_header_sys_inotify_h=yes
ac_cv_header_sys_stat_h=yes
ac_cv_header_sys_statvfs_h=yes
ac_cv_header_sys_types_h=yes
ac_cv_header_time=yes
ac_cv_header_unistd_h=yes
ac_cv_header_xfs_xfs_h=no
ac_cv_host=x86_64-unknown-linux-gnu
ac_cv_lib_rt_clock_gettime=yes
ac_cv_objext=o
ac_cv_path_EGREP='/bin/grep -E'
ac_cv_path_FGREP='/bin/grep -F'
ac_cv_path_GMSGFMT=/usr/bin/msgfmt
ac_cv_path_GREP=/bin/grep
ac_cv_path_INTLTOOL_EXTRACT=/usr/bin/intltool-extract
ac_cv_path_INTLTOOL_MERGE=/usr/bin/intltool-merge
ac_cv_path_INTLTOOL_PERL=/usr/bin/perl
ac_cv_path_INTLTOOL_UPDATE=/usr/bin/intltool-update
ac_cv_path_MSGFMT=/usr/bin/msgfmt
ac_cv_path_MSGMERGE=/usr/bin/msgmerge
ac_cv_path_SED=/bin/sed
ac_cv_path_XGETTEXT=/usr/bin/xgettext
ac_cv_path_ac_pt_PKG_CONFIG=/usr/bin/pkg-config
ac_cv_path_install='/usr/bin/install -c'
ac_cv_path_mkdir=/bin/mkdir
ac_cv_prog_AWK=gawk
ac_cv_prog_CPP='gcc -E'
ac_cv_prog_CXXCPP='g++ -E'
ac_cv_prog_HAVE_CXX=yes
ac_cv_prog_ac_ct_AR=ar
ac_cv_prog_ac_ct_CC=gcc
ac_cv_prog_ac_ct_CXX=g++
ac_cv_prog_ac_ct_MANIFEST_TOOL=mt
ac_cv_prog_ac_ct_OBJDUMP=objdump
ac_cv_prog_ac_ct_RANLIB=ranlib
ac_cv_prog_ac_ct_STRIP=strip
ac_cv_prog_cc_c89=
ac_cv_prog_cc_g=yes
ac_cv_prog_cxx_g=yes
ac_cv_prog_make_make_set=yes
ac_cv_search_cos=-lm
ac_cv_search_gethostbyname='none required'
ac_cv_search_gzopen=-lz
ac_cv_search_socket='none required'
ac_cv_sys_file_offset_bits=no
ac_cv_sys_largefile_CC=no
am_cv_CC_dependencies_compiler_type=gcc3
am_cv_CXX_dependencies_compiler_type=gcc3
am_cv_make_support_nested_variables=yes
am_cv_prog_tar_pax=gnutar
am_cv_val_LC_MESSAGES=yes
gt_cv_func_dgettext_libc=yes
gt_cv_func_dgettext_libintl=no
gt_cv_func_ngettext_libc=yes
gt_cv_have_gettext=yes
lt_cv_ar_at_file=@
lt_cv_archive_cmds_need_lc=no
lt_cv_deplibs_check_method=pass_all
lt_cv_file_magic_cmd='$MAGIC_CMD'
lt_cv_file_magic_test_file=
lt_cv_ld_reload_flag=-r
lt_cv_nm_interface='BSD nm'
lt_cv_objdir=.libs
lt_cv_path_LD=/usr/bin/ld
lt_cv_path_LDCXX='/usr/bin/ld -m elf_x86_64'
lt_cv_path_NM='/usr/bin/nm -B'
lt_cv_path_mainfest_tool=no
lt_cv_prog_compiler_c_o=yes
lt_cv_prog_compiler_c_o_CXX=yes
lt_cv_prog_compiler_pic='-fPIC -DPIC'
lt_cv_prog_compiler_pic_CXX='-fPIC -DPIC'
lt_cv_prog_compiler_pic_works=yes
lt_cv_prog_compiler_pic_works_CXX=yes
lt_cv_prog_compiler_rtti_exceptions=no
lt_cv_prog_compiler_static_works=yes
lt_cv_prog_compiler_static_works_CXX=yes
lt_cv_prog_gnu_ld=yes
lt_cv_prog_gnu_ldcxx=yes
lt_cv_sharedlib_from_linklib_cmd='printf %s\n'
lt_cv_shlibpath_overrides_runpath=no
lt_cv_sys_global_symbol_pipe='sed -n -e '\''s/^.*[	 ]\([ABCDGIRSTW][ABCDGIRSTW]*\)[	 ][	 ]*\([_A-Za-z][_A-Za-z0-9]*\)$/\1 \2 \2/p'\'' | sed '\''/ __gnu_lto/d'\'''
lt_cv_sys_global_symbol_to_c_name_address='sed -n -e '\''s/^: \([^ ]*\)[ ]*$/  {\"\1\", (void *) 0},/p'\'' -e '\''s/^[ABCDGIRSTW]* \([^ ]*\) \([^ ]*\)$/  {"\2", (void *) \&\2},/p'\'''
lt_cv_sys_global_symbol_to_c_name_address_lib_prefix='sed -n -e '\''s/^: \([^ ]*\)[ ]*$/  {\"\1\", (void *) 0},/p'\'' -e '\''s/^[ABCDGIRSTW]* \([^ ]*\) \(lib[^ ]*\)$/  {"\2", (void *) \&\2},/p'\'' -e '\''s/^[ABCDGIRSTW]* \([^ ]*\) \([^ ]*\)$/  {"lib\2", (void *) \&\2},/p'\'''
lt_cv_sys_global_symbol_to_cdecl='sed -n -e '\''s/^T .* \(.*\)$/extern int \1();/p'\'' -e '\''s/^[ABCDGIRSTW]* .* \(.*\)$/extern char \1;/p'\'''
lt_cv_sys_max_cmd_len=1572864
lt_cv_to_host_file_cmd=func_convert_file_noop
lt_cv_to_tool_file_cmd=func_convert_file_noop
pkg_cv_LIBCURL_CFLAGS=' '
pkg_cv_LIBCURL_LIBS='-lcurl  '
pkg_cv_LIBEVENT_CFLAGS='-I/usr/local/include  '
pkg_cv_LIBEVENT_LIBS='-L/usr/local/lib -levent  '
pkg_cv_OPENSSL_CFLAGS=' '
pkg_cv_OPENSSL_LIBS='-lssl -lcrypto  '

## ----------------- ##
## Output variables. ##
## ----------------- ##

ACLOCAL='${SHELL} /home/ken/wibed/transmission-2.77/missing --run aclocal-1.11'
ALL_LINGUAS=''
AMDEPBACKSLASH='\'
AMDEP_FALSE='#'
AMDEP_TRUE=''
AMTAR='$${TAR-tar}'
AM_BACKSLASH='\'
AM_DEFAULT_V='$(AM_DEFAULT_VERBOSITY)'
AM_DEFAULT_VERBOSITY='0'
AM_V='$(V)'
AR='ar'
AUTOCONF='${SHELL} /home/ken/wibed/transmission-2.77/missing --run autoconf'
AUTOHEADER='${SHELL} /home/ken/wibed/transmission-2.77/missing --run autoheader'
AUTOMAKE='${SHELL} /home/ken/wibed/transmission-2.77/missing --run automake-1.11'
AWK='gawk'
BUILD_CLI_FALSE='#'
BUILD_CLI_TRUE=''
BUILD_DAEMON_FALSE='#'
BUILD_DAEMON_TRUE=''
BUILD_GTK_FALSE=''
BUILD_GTK_TRUE='#'
BUILD_MAC_FALSE=''
BUILD_MAC_TRUE='#'
BUILD_MINIUPNP_FALSE='#'
BUILD_MINIUPNP_TRUE=''
BUILD_NATPMP_FALSE='#'
BUILD_NATPMP_TRUE=''
BUILD_UTP_FALSE='#'
BUILD_UTP_TRUE=''
CATALOGS=''
CATOBJEXT='.gmo'
CC='gcc'
CCDEPMODE='depmode=gcc3'
CFLAGS='-Os -march=native -std=gnu99 -ggdb3 -Wall -W -Wpointer-arith -Wformat-security -Wcast-align -Wundef -Wcast-align -Wstrict-prototypes -Wmissing-declarations -Wmissing-format-attribute -Wredundant-decls -Wnested-externs -Wunused-parameter -Wwrite-strings -Winline -Wfloat-equal -Wextra -Wdeclaration-after-statement -Winit-self -Wvariadic-macros'
CPP='gcc -E'
CPPFLAGS=' -DNDEBUG'
CURL_MINIMUM='7.15.4'
CXX='g++'
CXXCPP='g++ -E'
CXXDEPMODE='depmode=gcc3'
CXXFLAGS='-g -O2'
CYGPATH_W='echo'
DATADIRNAME='share'
DEFS='-DPACKAGE_NAME=\"transmission\" -DPACKAGE_TARNAME=\"transmission\" -DPACKAGE_VERSION=\"2.77\" -DPACKAGE_STRING=\"transmission\ 2.77\" -DPACKAGE_BUGREPORT=\"http://trac.transmissionbt.com/newticket\" -DPACKAGE_URL=\"\" -DPACKAGE=\"transmission\" -DVERSION=\"2.77\" -DSTDC_HEADERS=1 -DHAVE_SYS_TYPES_H=1 -DHAVE_SYS_STAT_H=1 -DHAVE_STDLIB_H=1 -DHAVE_STRING_H=1 -DHAVE_MEMORY_H=1 -DHAVE_STRINGS_H=1 -DHAVE_INTTYPES_H=1 -DHAVE_STDINT_H=1 -DHAVE_UNISTD_H=1 -DHAVE_DLFCN_H=1 -DLT_OBJDIR=\".libs/\" -DSTDC_HEADERS=1 -DTIME_WITH_SYS_TIME=1 -DHAVE_STDBOOL_H=1 -DHAVE_ICONV_OPEN=1 -DHAVE_PREAD=1 -DHAVE_PWRITE=1 -DHAVE_DAEMON=1 -DHAVE_DIRNAME=1 -DHAVE_BASENAME=1 -DHAVE_STRCASECMP=1 -DHAVE_LOCALTIME_R=1 -DHAVE_FALLOCATE64=1 -DHAVE_POSIX_FALLOCATE=1 -DHAVE_MEMMEM=1 -DHAVE_STRSEP=1 -DHAVE_STRTOLD=1 -DHAVE_SYSLOG=1 -DHAVE_VALLOC=1 -DHAVE_GETPAGESIZE=1 -DHAVE_POSIX_MEMALIGN=1 -DHAVE_STATVFS=1 -DHAVE_MKDTEMP=1 -DHAVE_PTHREAD=1 -DHAVE__TMP_DUMMY1_ZLIB_H=1 -DHAVE_ZLIB=1 -DHAVE_LSEEK64=1 -DHAVE_DECL_POSIX_FADVISE=1 -DHAVE_POSIX_FADVISE=1 -DWITH_INOTIFY=1 -DHAVE_SYS_STATVFS_H=1 -DWITH_UTP=1 -DHAVE_MINIUPNP_16=1 -DHAVE_LIBINTL_H=1 -DGETTEXT_PACKAGE=\"transmission-gtk\" -DHAVE_LOCALE_H=1 -DHAVE_LC_MESSAGES=1 -DHAVE_BIND_TEXTDOMAIN_CODESET=1 -DHAVE_GETTEXT=1 -DHAVE_DCGETTEXT=1 -DENABLE_NLS=1'
DEPDIR='.deps'
DHT_CFLAGS='-I$(top_srcdir)/third-party/dht'
DHT_LIBS='$(top_builddir)/third-party/dht/libdht.a'
DLLTOOL='false'
DSYMUTIL=''
DUMPBIN=''
ECHO_C=''
ECHO_N='-n'
ECHO_T=''
EGREP='/bin/grep -E'
EXEEXT=''
FGREP='/bin/grep -F'
GETTEXT_PACKAGE='transmission-gtk'
GIO_MINIMUM='2.26.0'
GLIB_MINIMUM='2.32.0'
GMOFILES=''
GMSGFMT='/usr/bin/msgfmt'
GREP='/bin/grep'
GTK_CFLAGS=''
GTK_LIBS=''
GTK_MINIMUM='3.4.0'
HAVE_CXX='yes'
INSTALL_DATA='${INSTALL} -m 644'
INSTALL_PROGRAM='${INSTALL}'
INSTALL_SCRIPT='${INSTALL}'
INSTALL_STRIP_PROGRAM='$(install_sh) -c -s'
INSTOBJEXT='.mo'
INTLLIBS=''
INTLTOOL_CAVES_RULE='%.caves:     %.caves.in     $(INTLTOOL_MERGE) $(wildcard $(top_srcdir)/po/*.po) ; $(INTLTOOL_V_MERGE)LC_ALL=C $(INTLTOOL_MERGE) $(INTLTOOL_V_MERGE_OPTIONS) -d -u -c $(top_builddir)/po/.intltool-merge-cache $(top_srcdir)/po $< $@'
INTLTOOL_DESKTOP_RULE='%.desktop:   %.desktop.in   $(INTLTOOL_MERGE) $(wildcard $(top_srcdir)/po/*.po) ; $(INTLTOOL_V_MERGE)LC_ALL=C $(INTLTOOL_MERGE) $(INTLTOOL_V_MERGE_OPTIONS) -d -u -c $(top_builddir)/po/.intltool-merge-cache $(top_srcdir)/po $< $@'
INTLTOOL_DIRECTORY_RULE='%.directory: %.directory.in $(INTLTOOL_MERGE) $(wildcard $(top_srcdir)/po/*.po) ; $(INTLTOOL_V_MERGE)LC_ALL=C $(INTLTOOL_MERGE) $(INTLTOOL_V_MERGE_OPTIONS) -d -u -c $(top_builddir)/po/.intltool-merge-cache $(top_srcdir)/po $< $@'
INTLTOOL_EXTRACT='/usr/bin/intltool-extract'
INTLTOOL_KBD_RULE='%.kbd:       %.kbd.in       $(INTLTOOL_MERGE) $(wildcard $(top_srcdir)/po/*.po) ; $(INTLTOOL_V_MERGE)LC_ALL=C $(INTLTOOL_MERGE) $(INTLTOOL_V_MERGE_OPTIONS) -x -u -m -c $(top_builddir)/po/.intltool-merge-cache $(top_srcdir)/po $< $@'
INTLTOOL_KEYS_RULE='%.keys:      %.keys.in      $(INTLTOOL_MERGE) $(wildcard $(top_srcdir)/po/*.po) ; $(INTLTOOL_V_MERGE)LC_ALL=C $(INTLTOOL_MERGE) $(INTLTOOL_V_MERGE_OPTIONS) -k -u -c $(top_builddir)/po/.intltool-merge-cache $(top_srcdir)/po $< $@'
INTLTOOL_MERGE='/usr/bin/intltool-merge'
INTLTOOL_OAF_RULE='%.oaf:       %.oaf.in       $(INTLTOOL_MERGE) $(wildcard $(top_srcdir)/po/*.po) ; $(INTLTOOL_V_MERGE)LC_ALL=C $(INTLTOOL_MERGE) $(INTLTOOL_V_MERGE_OPTIONS) -o -p $(top_srcdir)/po $< $@'
INTLTOOL_PERL='/usr/bin/perl'
INTLTOOL_POLICY_RULE='%.policy:    %.policy.in    $(INTLTOOL_MERGE) $(wildcard $(top_srcdir)/po/*.po) ; $(INTLTOOL_V_MERGE)LC_ALL=C $(INTLTOOL_MERGE) $(INTLTOOL_V_MERGE_OPTIONS) -x -u -c $(top_builddir)/po/.intltool-merge-cache $(top_srcdir)/po $< $@'
INTLTOOL_PONG_RULE='%.pong:      %.pong.in      $(INTLTOOL_MERGE) $(wildcard $(top_srcdir)/po/*.po) ; $(INTLTOOL_V_MERGE)LC_ALL=C $(INTLTOOL_MERGE) $(INTLTOOL_V_MERGE_OPTIONS) -x -u -c $(top_builddir)/po/.intltool-merge-cache $(top_srcdir)/po $< $@'
INTLTOOL_PROP_RULE='%.prop:      %.prop.in      $(INTLTOOL_MERGE) $(wildcard $(top_srcdir)/po/*.po) ; $(INTLTOOL_V_MERGE)LC_ALL=C $(INTLTOOL_MERGE) $(INTLTOOL_V_MERGE_OPTIONS) -d -u -c $(top_builddir)/po/.intltool-merge-cache $(top_srcdir)/po $< $@'
INTLTOOL_SCHEMAS_RULE='%.schemas:   %.schemas.in   $(INTLTOOL_MERGE) $(wildcard $(top_srcdir)/po/*.po) ; $(INTLTOOL_V_MERGE)LC_ALL=C $(INTLTOOL_MERGE) $(INTLTOOL_V_MERGE_OPTIONS) -s -u -c $(top_builddir)/po/.intltool-merge-cache $(top_srcdir)/po $< $@'
INTLTOOL_SERVER_RULE='%.server:    %.server.in    $(INTLTOOL_MERGE) $(wildcard $(top_srcdir)/po/*.po) ; $(INTLTOOL_V_MERGE)LC_ALL=C $(INTLTOOL_MERGE) $(INTLTOOL_V_MERGE_OPTIONS) -o -u -c $(top_builddir)/po/.intltool-merge-cache $(top_srcdir)/po $< $@'
INTLTOOL_SERVICE_RULE='%.service: %.service.in   $(INTLTOOL_MERGE) $(wildcard $(top_srcdir)/po/*.po) ; $(INTLTOOL_V_MERGE)LC_ALL=C $(INTLTOOL_MERGE) $(INTLTOOL_V_MERGE_OPTIONS) -d -u -c $(top_builddir)/po/.intltool-merge-cache $(top_srcdir)/po $< $@'
INTLTOOL_SHEET_RULE='%.sheet:     %.sheet.in     $(INTLTOOL_MERGE) $(wildcard $(top_srcdir)/po/*.po) ; $(INTLTOOL_V_MERGE)LC_ALL=C $(INTLTOOL_MERGE) $(INTLTOOL_V_MERGE_OPTIONS) -x -u -c $(top_builddir)/po/.intltool-merge-cache $(top_srcdir)/po $< $@'
INTLTOOL_SOUNDLIST_RULE='%.soundlist: %.soundlist.in $(INTLTOOL_MERGE) $(wildcard $(top_srcdir)/po/*.po) ; $(INTLTOOL_V_MERGE)LC_ALL=C $(INTLTOOL_MERGE) $(INTLTOOL_V_MERGE_OPTIONS) -d -u -c $(top_builddir)/po/.intltool-merge-cache $(top_srcdir)/po $< $@'
INTLTOOL_THEME_RULE='%.theme:     %.theme.in     $(INTLTOOL_MERGE) $(wildcard $(top_srcdir)/po/*.po) ; $(INTLTOOL_V_MERGE)LC_ALL=C $(INTLTOOL_MERGE) $(INTLTOOL_V_MERGE_OPTIONS) -d -u -c $(top_builddir)/po/.intltool-merge-cache $(top_srcdir)/po $< $@'
INTLTOOL_UI_RULE='%.ui:        %.ui.in        $(INTLTOOL_MERGE) $(wildcard $(top_srcdir)/po/*.po) ; $(INTLTOOL_V_MERGE)LC_ALL=C $(INTLTOOL_MERGE) $(INTLTOOL_V_MERGE_OPTIONS) -x -u -c $(top_builddir)/po/.intltool-merge-cache $(top_srcdir)/po $< $@'
INTLTOOL_UPDATE='/usr/bin/intltool-update'
INTLTOOL_V_MERGE='$(INTLTOOL__v_MERGE_$(V))'
INTLTOOL_V_MERGE_OPTIONS='$(intltool__v_merge_options_$(V))'
INTLTOOL_XAM_RULE='%.xam:       %.xml.in       $(INTLTOOL_MERGE) $(wildcard $(top_srcdir)/po/*.po) ; $(INTLTOOL_V_MERGE)LC_ALL=C $(INTLTOOL_MERGE) $(INTLTOOL_V_MERGE_OPTIONS) -x -u -c $(top_builddir)/po/.intltool-merge-cache $(top_srcdir)/po $< $@'
INTLTOOL_XML_NOMERGE_RULE='%.xml:       %.xml.in       $(INTLTOOL_MERGE) ; $(INTLTOOL_V_MERGE)LC_ALL=C $(INTLTOOL_MERGE) $(INTLTOOL_V_MERGE_OPTIONS) -x -u --no-translations $< $@'
INTLTOOL_XML_RULE='%.xml:       %.xml.in       $(INTLTOOL_MERGE) $(wildcard $(top_srcdir)/po/*.po) ; $(INTLTOOL_V_MERGE)LC_ALL=C $(INTLTOOL_MERGE) $(INTLTOOL_V_MERGE_OPTIONS) -x -u -c $(top_builddir)/po/.intltool-merge-cache $(top_srcdir)/po $< $@'
INTLTOOL__v_MERGE_0='@echo "  ITMRG " $@;'
INTLTOOL__v_MERGE_='$(INTLTOOL__v_MERGE_$(AM_DEFAULT_VERBOSITY))'
LD='/usr/bin/ld -m elf_x86_64'
LDFLAGS=''
LIBAPPINDICATOR_CFLAGS=''
LIBAPPINDICATOR_LIBS=''
LIBAPPINDICATOR_MINIMUM='0.4.90'
LIBCURL_CFLAGS=' '
LIBCURL_LIBS='-lcurl  '
LIBEVENT_CFLAGS='-I/usr/local/include  '
LIBEVENT_LIBS='-L/usr/local/lib -levent  '
LIBEVENT_MINIMUM='2.0.10'
LIBNATPMP_CFLAGS='-I$(top_srcdir)/third-party/libnatpmp/'
LIBNATPMP_LIBS='$(top_builddir)/third-party/libnatpmp/libnatpmp.a'
LIBNATPMP_LIBS_QT='$${TRANSMISSION_TOP}/third-party/libnatpmp/libnatpmp.a'
LIBOBJS=''
LIBS='-lm '
LIBTOOL='$(SHELL) $(top_builddir)/libtool'
LIBUPNP_CFLAGS='-I$(top_srcdir)/third-party/'
LIBUPNP_LIBS='$(top_builddir)/third-party/miniupnp/libminiupnp.a'
LIBUPNP_LIBS_QT='$${TRANSMISSION_TOP}/third-party/miniupnp/libminiupnp.a'
LIBUTP_CFLAGS='-I$(top_srcdir)/third-party/'
LIBUTP_LIBS='$(top_builddir)/third-party/libutp/libutp.a -lrt'
LIBUTP_LIBS_QT='$${TRANSMISSION_TOP}/third-party/libutp/libutp.a -lrt'
LIPO=''
LN_S='ln -s'
LTLIBOBJS=''
MAKEINFO='${SHELL} /home/ken/wibed/transmission-2.77/missing --run makeinfo'
MANIFEST_TOOL=':'
MKDIR_P='/bin/mkdir -p'
MKINSTALLDIRS='./mkinstalldirs'
MSGFMT='/usr/bin/msgfmt'
MSGMERGE='/usr/bin/msgmerge'
NM='/usr/bin/nm -B'
NMEDIT=''
OBJDUMP='objdump'
OBJEXT='o'
OPENSSL_CFLAGS=' '
OPENSSL_LIBS='-lssl -lcrypto  '
OPENSSL_MINIMUM='0.9.4'
OTOOL64=''
OTOOL=''
PACKAGE='transmission'
PACKAGE_BUGREPORT='http://trac.transmissionbt.com/newticket'
PACKAGE_NAME='transmission'
PACKAGE_STRING='transmission 2.77'
PACKAGE_TARNAME='transmission'
PACKAGE_URL=''
PACKAGE_VERSION='2.77'
PATH_SEPARATOR=':'
PEERID_PREFIX='-TR2770-'
PKG_CONFIG='/usr/bin/pkg-config'
POFILES=''
POSUB='po'
PO_IN_DATADIR_FALSE=''
PO_IN_DATADIR_TRUE=''
PTHREAD_CC='gcc'
PTHREAD_CFLAGS='-pthread'
PTHREAD_LIBS=''
RANLIB='ranlib'
SED='/bin/sed'
SET_MAKE=''
SHELL='/bin/bash'
STRIP='strip'
TR_UNSTABLE_FALSE=''
TR_UNSTABLE_TRUE='#'
USERAGENT_PREFIX='2.77'
USE_NLS='yes'
VERSION='2.77'
WIN32_FALSE=''
WIN32_TRUE='#'
WINDRES=''
XGETTEXT='/usr/bin/xgettext'
ZLIB_CFLAGS=''
ZLIB_LDFLAGS=''
ZLIB_LIBS='-lz -lm '
ac_ct_AR='ar'
ac_ct_CC='gcc'
ac_ct_CXX='g++'
ac_ct_DUMPBIN=''
acx_pthread_config=''
am__EXEEXT_FALSE=''
am__EXEEXT_TRUE='#'
am__fastdepCC_FALSE='#'
am__fastdepCC_TRUE=''
am__fastdepCXX_FALSE='#'
am__fastdepCXX_TRUE=''
am__include='include'
am__isrc=''
am__leading_dot='.'
am__nodep='_no'
am__quote=''
am__tar='tar --format=posix -chf - "$$tardir"'
am__untar='tar -xf -'
bindir='${exec_prefix}/bin'
build='x86_64-unknown-linux-gnu'
build_alias=''
build_cpu='x86_64'
build_os='linux-gnu'
build_vendor='unknown'
datadir='${datarootdir}'
datarootdir='${prefix}/share'
docdir='${datarootdir}/doc/${PACKAGE_TARNAME}'
dvidir='${docdir}'
exec_prefix='${prefix}'
host='x86_64-unknown-linux-gnu'
host_alias=''
host_cpu='x86_64'
host_os='linux-gnu'
host_vendor='unknown'
htmldir='${docdir}'
includedir='${prefix}/include'
infodir='${datarootdir}/info'
install_sh='${SHELL} /home/ken/wibed/transmission-2.77/install-sh'
intltool__v_merge_options_0='-q'
intltool__v_merge_options_='$(intltool__v_merge_options_$(AM_DEFAULT_VERBOSITY))'
libdir='${exec_prefix}/lib'
libexecdir='${exec_prefix}/libexec'
localedir='${datarootdir}/locale'
localstatedir='${prefix}/var'
mandir='${datarootdir}/man'
mkdir_p='/bin/mkdir -p'
oldincludedir='/usr/include'
pdfdir='${docdir}'
prefix='/usr/local'
program_transform_name='s,x,x,'
psdir='${docdir}'
sbindir='${exec_prefix}/sbin'
sharedstatedir='${prefix}/com'
sysconfdir='${prefix}/etc'
target_alias=''
transmissionlocaledir='${prefix}/${DATADIRNAME}/locale'

## ----------- ##
## confdefs.h. ##
## ----------- ##

/* confdefs.h */
#define PACKAGE_NAME "transmission"
#define PACKAGE_TARNAME "transmission"
#define PACKAGE_VERSION "2.77"
#define PACKAGE_STRING "transmission 2.77"
#define PACKAGE_BUGREPORT "http://trac.transmissionbt.com/newticket"
#define PACKAGE_URL ""
#define PACKAGE "transmission"
#define VERSION "2.77"
#define STDC_HEADERS 1
#define HAVE_SYS_TYPES_H 1
#define HAVE_SYS_STAT_H 1
#define HAVE_STDLIB_H 1
#define HAVE_STRING_H 1
#define HAVE_MEMORY_H 1
#define HAVE_STRINGS_H 1
#define HAVE_INTTYPES_H 1
#define HAVE_STDINT_H 1
#define HAVE_UNISTD_H 1
#define HAVE_DLFCN_H 1
#define LT_OBJDIR ".libs/"
#define STDC_HEADERS 1
#define TIME_WITH_SYS_TIME 1
#define HAVE_STDBOOL_H 1
#define HAVE_ICONV_OPEN 1
#define HAVE_PREAD 1
#define HAVE_PWRITE 1
#define HAVE_DAEMON 1
#define HAVE_DIRNAME 1
#define HAVE_BASENAME 1
#define HAVE_STRCASECMP 1
#define HAVE_LOCALTIME_R 1
#define HAVE_FALLOCATE64 1
#define HAVE_POSIX_FALLOCATE 1
#define HAVE_MEMMEM 1
#define HAVE_STRSEP 1
#define HAVE_STRTOLD 1
#define HAVE_SYSLOG 1
#define HAVE_VALLOC 1
#define HAVE_GETPAGESIZE 1
#define HAVE_POSIX_MEMALIGN 1
#define HAVE_STATVFS 1
#define HAVE_MKDTEMP 1
#define HAVE_PTHREAD 1
#define HAVE__TMP_DUMMY1_ZLIB_H 1
#define HAVE_ZLIB 1
#define HAVE_LSEEK64 1
#define HAVE_DECL_POSIX_FADVISE 1
#define HAVE_POSIX_FADVISE 1
#define WITH_INOTIFY 1
#define HAVE_SYS_STATVFS_H 1
#define WITH_UTP 1
#define HAVE_MINIUPNP_16 1
#define HAVE_LIBINTL_H 1
#define GETTEXT_PACKAGE "transmission-gtk"
#define HAVE_LOCALE_H 1
#define HAVE_LC_MESSAGES 1
#define HAVE_BIND_TEXTDOMAIN_CODESET 1
#define HAVE_GETTEXT 1
#define HAVE_DCGETTEXT 1
#define ENABLE_NLS 1

configure: exit 0
